#
# There is insufficient memory for the Java Runtime Environment to continue.
# Native memory allocation (malloc) failed to allocate 1458256 bytes for Chunk::new
# Possible reasons:
#   The system is out of physical RAM or swap space
#   In 32 bit mode, the process size limit was hit
# Possible solutions:
#   Reduce memory load on the system
#   Increase physical memory or swap space
#   Check if swap backing store is full
#   Use 64 bit Java on a 64 bit OS
#   Decrease Java heap size (-Xmx/-Xms)
#   Decrease number of Java threads
#   Decrease Java thread stack sizes (-Xss)
#   Set larger code cache with -XX:ReservedCodeCacheSize=
# This output file may be truncated or incomplete.
#
#  Out of Memory Error (allocation.cpp:390), pid=1596, tid=0x00000000000042a4
#
# JRE version: Java(TM) SE Runtime Environment (8.0_161-b12) (build 1.8.0_161-b12)
# Java VM: Java HotSpot(TM) 64-Bit Server VM (25.161-b12 mixed mode windows-amd64 compressed oops)
# Failed to write core dump. Minidumps are not enabled by default on client versions of Windows
#

---------------  T H R E A D  ---------------

Current thread (0x0000000017cd2800):  JavaThread "C2 CompilerThread1" daemon [_thread_in_native, id=17060, stack(0x0000000019420000,0x0000000019520000)]

Stack: [0x0000000019420000,0x0000000019520000]
[error occurred during error reporting (printing stack bounds), id 0xc0000005]

Native frames: (J=compiled Java code, j=interpreted, Vv=VM code, C=native code)


Current CompileTask:
C2:   3356 1885   !   4       org.codehaus.plexus.interpolation.StringSearchInterpolator::interpolate (665 bytes)


---------------  P R O C E S S  ---------------

Java Threads: ( => current thread )
  0x0000000017d2e000 JavaThread "Service Thread" daemon [_thread_blocked, id=5428, stack(0x0000000019a20000,0x0000000019b20000)]
  0x0000000017cdc000 JavaThread "C1 CompilerThread2" daemon [_thread_in_native, id=13308, stack(0x0000000019520000,0x0000000019620000)]
=>0x0000000017cd2800 JavaThread "C2 CompilerThread1" daemon [_thread_in_native, id=17060, stack(0x0000000019420000,0x0000000019520000)]
  0x0000000017ccf000 JavaThread "C2 CompilerThread0" daemon [_thread_in_native, id=8536, stack(0x0000000019320000,0x0000000019420000)]
  0x0000000017ccc800 JavaThread "Attach Listener" daemon [_thread_blocked, id=16908, stack(0x0000000019220000,0x0000000019320000)]
  0x0000000017ccb800 JavaThread "Signal Dispatcher" daemon [_thread_blocked, id=13140, stack(0x0000000019120000,0x0000000019220000)]
  0x0000000017cba800 JavaThread "Finalizer" daemon [_thread_blocked, id=11792, stack(0x0000000018f30000,0x0000000019030000)]
  0x0000000003352800 JavaThread "Reference Handler" daemon [_thread_blocked, id=14604, stack(0x0000000018e30000,0x0000000018f30000)]
  0x0000000003262800 JavaThread "main" [_thread_in_Java, id=5196, stack(0x0000000003100000,0x0000000003200000)]

Other Threads:
  0x0000000017c97000 VMThread [stack: 0x0000000018d30000,0x0000000018e30000] [id=13636]
  0x000000001965b800 WatcherThread [stack: 0x0000000019b20000,0x0000000019c20000] [id=12092]

VM state:not at safepoint (normal execution)

VM Mutex/Monitor currently owned by a thread: None

Heap:
 PSYoungGen      total 68608K, used 54753K [0x00000000d6e00000, 0x00000000db600000, 0x0000000100000000)
  eden space 63488K, 78% used [0x00000000d6e00000,0x00000000d9e78458,0x00000000dac00000)
  from space 5120K, 100% used [0x00000000db100000,0x00000000db600000,0x00000000db600000)
  to   space 5120K, 0% used [0x00000000dac00000,0x00000000dac00000,0x00000000db100000)
 ParOldGen       total 84992K, used 4568K [0x0000000084a00000, 0x0000000089d00000, 0x00000000d6e00000)
  object space 84992K, 5% used [0x0000000084a00000,0x0000000084e76258,0x0000000089d00000)
 Metaspace       used 13103K, capacity 13312K, committed 13440K, reserved 1060864K
  class space    used 1551K, capacity 1618K, committed 1664K, reserved 1048576K

Card table byte_map: [0x0000000012720000,0x0000000012b00000] byte_map_base: 0x00000000122fb000

Marking Bits: (ParMarkBitMap*) 0x000000005f74f860
 Begin Bits: [0x00000000131a0000, 0x0000000015078000)
 End Bits:   [0x0000000015078000, 0x0000000016f50000)

Polling page: 0x0000000000f30000

CodeCache: size=245760Kb used=7925Kb max_used=7925Kb free=237834Kb
 bounds [0x0000000003360000, 0x0000000003b30000, 0x0000000012360000]
 total_blobs=2672 nmethods=2348 adapters=236
 compilation: enabled

Compilation events (10 events):
Event: 3.341 Thread 0x0000000017cdc000 nmethod 2362 0x0000000003b20310 code [0x0000000003b20480, 0x0000000003b20728]
Event: 3.345 Thread 0x0000000017cdc000 2364       3       java.util.regex.Matcher::groupCount (10 bytes)
Event: 3.345 Thread 0x0000000017cdc000 nmethod 2364 0x0000000003b1ffd0 code [0x0000000003b20120, 0x0000000003b20270]
Event: 3.345 Thread 0x0000000017cdc000 2365       3       org.apache.maven.model.DeploymentRepository::<init> (10 bytes)
Event: 3.345 Thread 0x0000000017cdc000 nmethod 2365 0x0000000003b1fa90 code [0x0000000003b1fc00, 0x0000000003b1fe90]
Event: 3.345 Thread 0x0000000017cdc000 2366       3       org.apache.maven.model.merge.ModelMerger::mergeBuildBase_Resources (191 bytes)
Event: 3.348 Thread 0x0000000017cdc000 nmethod 2366 0x0000000003b21590 code [0x0000000003b21940, 0x0000000003b23d28]
Event: 3.352 Thread 0x0000000017cdc000 2369       3       java.util.regex.Matcher::getSubSequence (12 bytes)
Event: 3.352 Thread 0x0000000017cdc000 nmethod 2369 0x0000000003b1f610 code [0x0000000003b1f780, 0x0000000003b1f9a8]
Event: 3.353 Thread 0x0000000017cdc000 2370 %     3       sun.nio.cs.UTF_8$Decoder::decodeArrayLoop @ 106 (691 bytes)

GC Heap History (8 events):
Event: 0.959 GC heap before
{Heap before GC invocations=1 (full 0):
 PSYoungGen      total 36864K, used 31744K [0x00000000d6e00000, 0x00000000d9700000, 0x0000000100000000)
  eden space 31744K, 100% used [0x00000000d6e00000,0x00000000d8d00000,0x00000000d8d00000)
  from space 5120K, 0% used [0x00000000d9200000,0x00000000d9200000,0x00000000d9700000)
  to   space 5120K, 0% used [0x00000000d8d00000,0x00000000d8d00000,0x00000000d9200000)
 ParOldGen       total 84992K, used 0K [0x0000000084a00000, 0x0000000089d00000, 0x00000000d6e00000)
  object space 84992K, 0% used [0x0000000084a00000,0x0000000084a00000,0x0000000089d00000)
 Metaspace       used 7562K, capacity 7698K, committed 7936K, reserved 1056768K
  class space    used 948K, capacity 1017K, committed 1024K, reserved 1048576K
Event: 0.965 GC heap after
Heap after GC invocations=1 (full 0):
 PSYoungGen      total 36864K, used 4319K [0x00000000d6e00000, 0x00000000d9700000, 0x0000000100000000)
  eden space 31744K, 0% used [0x00000000d6e00000,0x00000000d6e00000,0x00000000d8d00000)
  from space 5120K, 84% used [0x00000000d8d00000,0x00000000d9137fb8,0x00000000d9200000)
  to   space 5120K, 0% used [0x00000000d9200000,0x00000000d9200000,0x00000000d9700000)
 ParOldGen       total 84992K, used 8K [0x0000000084a00000, 0x0000000089d00000, 0x00000000d6e00000)
  object space 84992K, 0% used [0x0000000084a00000,0x0000000084a02000,0x0000000089d00000)
 Metaspace       used 7562K, capacity 7698K, committed 7936K, reserved 1056768K
  class space    used 948K, capacity 1017K, committed 1024K, reserved 1048576K
}
Event: 1.889 GC heap before
{Heap before GC invocations=2 (full 0):
 PSYoungGen      total 36864K, used 36063K [0x00000000d6e00000, 0x00000000d9700000, 0x0000000100000000)
  eden space 31744K, 100% used [0x00000000d6e00000,0x00000000d8d00000,0x00000000d8d00000)
  from space 5120K, 84% used [0x00000000d8d00000,0x00000000d9137fb8,0x00000000d9200000)
  to   space 5120K, 0% used [0x00000000d9200000,0x00000000d9200000,0x00000000d9700000)
 ParOldGen       total 84992K, used 8K [0x0000000084a00000, 0x0000000089d00000, 0x00000000d6e00000)
  object space 84992K, 0% used [0x0000000084a00000,0x0000000084a02000,0x0000000089d00000)
 Metaspace       used 11955K, capacity 12152K, committed 12416K, reserved 1060864K
  class space    used 1475K, capacity 1537K, committed 1664K, reserved 1048576K
Event: 1.898 GC heap after
Heap after GC invocations=2 (full 0):
 PSYoungGen      total 36864K, used 5116K [0x00000000d6e00000, 0x00000000d9700000, 0x0000000100000000)
  eden space 31744K, 0% used [0x00000000d6e00000,0x00000000d6e00000,0x00000000d8d00000)
  from space 5120K, 99% used [0x00000000d9200000,0x00000000d96ff1b0,0x00000000d9700000)
  to   space 5120K, 0% used [0x00000000d8d00000,0x00000000d8d00000,0x00000000d9200000)
 ParOldGen       total 84992K, used 2093K [0x0000000084a00000, 0x0000000089d00000, 0x00000000d6e00000)
  object space 84992K, 2% used [0x0000000084a00000,0x0000000084c0b6d8,0x0000000089d00000)
 Metaspace       used 11955K, capacity 12152K, committed 12416K, reserved 1060864K
  class space    used 1475K, capacity 1537K, committed 1664K, reserved 1048576K
}
Event: 2.289 GC heap before
{Heap before GC invocations=3 (full 0):
 PSYoungGen      total 36864K, used 36860K [0x00000000d6e00000, 0x00000000d9700000, 0x0000000100000000)
  eden space 31744K, 100% used [0x00000000d6e00000,0x00000000d8d00000,0x00000000d8d00000)
  from space 5120K, 99% used [0x00000000d9200000,0x00000000d96ff1b0,0x00000000d9700000)
  to   space 5120K, 0% used [0x00000000d8d00000,0x00000000d8d00000,0x00000000d9200000)
 ParOldGen       total 84992K, used 2093K [0x0000000084a00000, 0x0000000089d00000, 0x00000000d6e00000)
  object space 84992K, 2% used [0x0000000084a00000,0x0000000084c0b6d8,0x0000000089d00000)
 Metaspace       used 12597K, capacity 12822K, committed 12928K, reserved 1060864K
  class space    used 1529K, capacity 1611K, committed 1664K, reserved 1048576K
Event: 2.302 GC heap after
Heap after GC invocations=3 (full 0):
 PSYoungGen      total 36864K, used 5104K [0x00000000d6e00000, 0x00000000db600000, 0x0000000100000000)
  eden space 31744K, 0% used [0x00000000d6e00000,0x00000000d6e00000,0x00000000d8d00000)
  from space 5120K, 99% used [0x00000000d8d00000,0x00000000d91fc030,0x00000000d9200000)
  to   space 5120K, 0% used [0x00000000db100000,0x00000000db100000,0x00000000db600000)
 ParOldGen       total 84992K, used 2752K [0x0000000084a00000, 0x0000000089d00000, 0x00000000d6e00000)
  object space 84992K, 3% used [0x0000000084a00000,0x0000000084cb0258,0x0000000089d00000)
 Metaspace       used 12597K, capacity 12822K, committed 12928K, reserved 1060864K
  class space    used 1529K, capacity 1611K, committed 1664K, reserved 1048576K
}
Event: 2.641 GC heap before
{Heap before GC invocations=4 (full 0):
 PSYoungGen      total 36864K, used 36848K [0x00000000d6e00000, 0x00000000db600000, 0x0000000100000000)
  eden space 31744K, 100% used [0x00000000d6e00000,0x00000000d8d00000,0x00000000d8d00000)
  from space 5120K, 99% used [0x00000000d8d00000,0x00000000d91fc030,0x00000000d9200000)
  to   space 5120K, 0% used [0x00000000db100000,0x00000000db100000,0x00000000db600000)
 ParOldGen       total 84992K, used 2752K [0x0000000084a00000, 0x0000000089d00000, 0x00000000d6e00000)
  object space 84992K, 3% used [0x0000000084a00000,0x0000000084cb0258,0x0000000089d00000)
 Metaspace       used 12683K, capacity 12956K, committed 13184K, reserved 1060864K
  class space    used 1530K, capacity 1612K, committed 1664K, reserved 1048576K
Event: 2.652 GC heap after
Heap after GC invocations=4 (full 0):
 PSYoungGen      total 68608K, used 5120K [0x00000000d6e00000, 0x00000000db600000, 0x0000000100000000)
  eden space 63488K, 0% used [0x00000000d6e00000,0x00000000d6e00000,0x00000000dac00000)
  from space 5120K, 100% used [0x00000000db100000,0x00000000db600000,0x00000000db600000)
  to   space 5120K, 0% used [0x00000000dac00000,0x00000000dac00000,0x00000000db100000)
 ParOldGen       total 84992K, used 4568K [0x0000000084a00000, 0x0000000089d00000, 0x00000000d6e00000)
  object space 84992K, 5% used [0x0000000084a00000,0x0000000084e76258,0x0000000089d00000)
 Metaspace       used 12683K, capacity 12956K, committed 13184K, reserved 1060864K
  class space    used 1530K, capacity 1612K, committed 1664K, reserved 1048576K
}

Deoptimization events (10 events):
Event: 2.889 Thread 0x0000000003262800 Uncommon trap: reason=speculate_class_check action=maybe_recompile pc=0x000000000393b640 method=java.nio.charset.CharsetDecoder.decode(Ljava/nio/ByteBuffer;Ljava/nio/CharBuffer;Z)Ljava/nio/charset/CoderResult; @ 57
Event: 2.890 Thread 0x0000000003262800 Uncommon trap: reason=speculate_class_check action=maybe_recompile pc=0x000000000393b640 method=java.nio.charset.CharsetDecoder.decode(Ljava/nio/ByteBuffer;Ljava/nio/CharBuffer;Z)Ljava/nio/charset/CoderResult; @ 57
Event: 2.890 Thread 0x0000000003262800 Uncommon trap: reason=speculate_class_check action=maybe_recompile pc=0x0000000003916610 method=java.nio.charset.CharsetDecoder.decode(Ljava/nio/ByteBuffer;Ljava/nio/CharBuffer;Z)Ljava/nio/charset/CoderResult; @ 57
Event: 2.891 Thread 0x0000000003262800 Uncommon trap: reason=speculate_class_check action=maybe_recompile pc=0x0000000003916610 method=java.nio.charset.CharsetDecoder.decode(Ljava/nio/ByteBuffer;Ljava/nio/CharBuffer;Z)Ljava/nio/charset/CoderResult; @ 57
Event: 2.892 Thread 0x0000000003262800 Uncommon trap: reason=unstable_if action=reinterpret pc=0x000000000399947c method=org.apache.maven.model.io.xpp3.MavenXpp3Reader.nextTag(Lorg/codehaus/plexus/util/xml/pull/XmlPullParser;)I @ 9
Event: 2.993 Thread 0x0000000003262800 Uncommon trap: reason=intrinsic action=make_not_entrant pc=0x000000000399ed74 method=org.apache.maven.model.Dependency.getManagementKey()Ljava/lang/String; @ 0
Event: 2.993 Thread 0x0000000003262800 Uncommon trap: reason=intrinsic action=make_not_entrant pc=0x0000000003945004 method=org.apache.maven.model.Dependency.getManagementKey()Ljava/lang/String; @ 0
Event: 3.251 Thread 0x0000000003262800 Uncommon trap: reason=unstable_if action=reinterpret pc=0x00000000037ad510 method=java.util.LinkedHashMap.afterNodeInsertion(Z)V @ 18
Event: 3.352 Thread 0x0000000003262800 Uncommon trap: reason=unstable_if action=reinterpret pc=0x000000000364ec04 method=sun.nio.cs.UTF_8$Decoder.decode([BII[C)I @ 30
Event: 3.352 Thread 0x0000000003262800 Uncommon trap: reason=unstable_if action=reinterpret pc=0x00000000035e0814 method=sun.nio.cs.UTF_8$Decoder.decodeArrayLoop(Ljava/nio/ByteBuffer;Ljava/nio/CharBuffer;)Ljava/nio/charset/CoderResult; @ 84

Classes redefined (0 events):
No events

Internal exceptions (10 events):
Event: 0.632 Thread 0x0000000003262800 Exception <a 'java/lang/ArrayIndexOutOfBoundsException'> (0x00000000d7aafd28) thrown at [C:\re\workspace\8-2-build-windows-amd64-cygwin\jdk8u161\10277\hotspot\src\share\vm\runtime\sharedRuntime.cpp, line 605]
Event: 0.645 Thread 0x0000000003262800 Exception <a 'java/lang/ArrayIndexOutOfBoundsException'> (0x00000000d7b11048) thrown at [C:\re\workspace\8-2-build-windows-amd64-cygwin\jdk8u161\10277\hotspot\src\share\vm\runtime\sharedRuntime.cpp, line 605]
Event: 0.871 Thread 0x0000000003262800 Exception <a 'java/lang/ArrayIndexOutOfBoundsException'> (0x00000000d89b44c0) thrown at [C:\re\workspace\8-2-build-windows-amd64-cygwin\jdk8u161\10277\hotspot\src\share\vm\runtime\sharedRuntime.cpp, line 605]
Event: 0.872 Thread 0x0000000003262800 Exception <a 'java/lang/ArrayIndexOutOfBoundsException'> (0x00000000d89b6808) thrown at [C:\re\workspace\8-2-build-windows-amd64-cygwin\jdk8u161\10277\hotspot\src\share\vm\runtime\sharedRuntime.cpp, line 605]
Event: 1.002 Thread 0x0000000003262800 Exception <a 'java/lang/NoClassDefFoundError': org/slf4j/Logger> (0x00000000d6ffbbe0) thrown at [C:\re\workspace\8-2-build-windows-amd64-cygwin\jdk8u161\10277\hotspot\src\share\vm\classfile\systemDictionary.cpp, line 199]
Event: 1.079 Thread 0x0000000003262800 Exception <a 'java/lang/NoClassDefFoundError': org/slf4j/LoggerFactory> (0x00000000d72c8838) thrown at [C:\re\workspace\8-2-build-windows-amd64-cygwin\jdk8u161\10277\hotspot\src\share\vm\classfile\systemDictionary.cpp, line 199]
Event: 1.079 Thread 0x0000000003262800 Exception <a 'java/lang/NoClassDefFoundError'> (0x00000000d72c8838) thrown at [C:\re\workspace\8-2-build-windows-amd64-cygwin\jdk8u161\10277\hotspot\src\share\vm\oops\instanceKlass.cpp, line 959]
Event: 2.053 Thread 0x0000000003262800 Implicit null exception at 0x00000000037048d5 to 0x0000000003704ad1
Event: 2.054 Thread 0x0000000003262800 Implicit null exception at 0x00000000036e577b to 0x00000000036e5ead
Event: 2.472 Thread 0x0000000003262800 Implicit null exception at 0x000000000394543f to 0x0000000003945909

Events (10 events):
Event: 3.275 Thread 0x0000000003262800 DEOPT PACKING pc=0x0000000003a2bb8c sp=0x00000000031fd070
Event: 3.275 Thread 0x0000000003262800 DEOPT UNPACKING pc=0x00000000033a7890 sp=0x00000000031fce20 mode 0
Event: 3.301 Executing VM operation: ForceSafepoint
Event: 3.302 Executing VM operation: ForceSafepoint done
Event: 3.352 Thread 0x0000000003262800 Uncommon trap: trap_request=0xffffff65 fr.pc=0x000000000364ec04
Event: 3.352 Thread 0x0000000003262800 DEOPT PACKING pc=0x000000000364ec04 sp=0x00000000031fcdd0
Event: 3.352 Thread 0x0000000003262800 DEOPT UNPACKING pc=0x00000000033a583b sp=0x00000000031fcd28 mode 2
Event: 3.352 Thread 0x0000000003262800 Uncommon trap: trap_request=0xffffff65 fr.pc=0x00000000035e0814
Event: 3.352 Thread 0x0000000003262800 DEOPT PACKING pc=0x00000000035e0814 sp=0x00000000031fcdd0
Event: 3.352 Thread 0x0000000003262800 DEOPT UNPACKING pc=0x00000000033a583b sp=0x00000000031fcd18 mode 2


Dynamic libraries:
0x00007ff6c6970000 - 0x00007ff6c69a7000 	C:\Program Files\Java\jdk1.8.0_161\bin\java.exe
0x00007ff87edd0000 - 0x00007ff87efb1000 	C:\WINDOWS\SYSTEM32\ntdll.dll
0x00007ff87d970000 - 0x00007ff87da22000 	C:\WINDOWS\System32\KERNEL32.DLL
0x00007ff87be40000 - 0x00007ff87c0b3000 	C:\WINDOWS\System32\KERNELBASE.dll
0x00007ff87da90000 - 0x00007ff87db31000 	C:\WINDOWS\System32\ADVAPI32.dll
0x00007ff87dc30000 - 0x00007ff87dcce000 	C:\WINDOWS\System32\msvcrt.dll
0x00007ff87dda0000 - 0x00007ff87ddfb000 	C:\WINDOWS\System32\sechost.dll
0x00007ff87c260000 - 0x00007ff87c384000 	C:\WINDOWS\System32\RPCRT4.dll
0x00007ff87de90000 - 0x00007ff87e020000 	C:\WINDOWS\System32\USER32.dll
0x00007ff87be20000 - 0x00007ff87be40000 	C:\WINDOWS\System32\win32u.dll
0x00007ff87de00000 - 0x00007ff87de28000 	C:\WINDOWS\System32\GDI32.dll
0x00007ff87bc80000 - 0x00007ff87be12000 	C:\WINDOWS\System32\gdi32full.dll
0x00007ff87c1c0000 - 0x00007ff87c25f000 	C:\WINDOWS\System32\msvcp_win.dll
0x00007ff87c0c0000 - 0x00007ff87c1ba000 	C:\WINDOWS\System32\ucrtbase.dll
0x00007ff871400000 - 0x00007ff871669000 	C:\WINDOWS\WinSxS\amd64_microsoft.windows.common-controls_6595b64144ccf1df_6.0.17134.286_none_fb43982d306480cc\COMCTL32.dll
0x00007ff87e810000 - 0x00007ff87eb33000 	C:\WINDOWS\System32\combase.dll
0x00007ff87b1f0000 - 0x00007ff87b26a000 	C:\WINDOWS\System32\bcryptPrimitives.dll
0x00007ff87ecf0000 - 0x00007ff87ed1d000 	C:\WINDOWS\System32\IMM32.DLL
0x00007ff864120000 - 0x00007ff8641ad000 	C:\Program Files\Emsisoft Anti-Malware\a2hooks64.dll
0x00007ff87c530000 - 0x00007ff87d970000 	C:\WINDOWS\System32\SHELL32.dll
0x00007ff87b1a0000 - 0x00007ff87b1e9000 	C:\WINDOWS\System32\cfgmgr32.dll
0x00007ff87ec40000 - 0x00007ff87ece9000 	C:\WINDOWS\System32\shcore.dll
0x00007ff87b320000 - 0x00007ff87ba2d000 	C:\WINDOWS\System32\windows.storage.dll
0x00007ff87da30000 - 0x00007ff87da81000 	C:\WINDOWS\System32\shlwapi.dll
0x00007ff87b0e0000 - 0x00007ff87b0f1000 	C:\WINDOWS\System32\kernel.appcore.dll
0x00007ff87b130000 - 0x00007ff87b14f000 	C:\WINDOWS\System32\profapi.dll
0x00007ff87b150000 - 0x00007ff87b19c000 	C:\WINDOWS\System32\powrprof.dll
0x00007ff87b100000 - 0x00007ff87b10a000 	C:\WINDOWS\System32\FLTLIB.DLL
0x00007ff87a1d0000 - 0x00007ff87a201000 	C:\WINDOWS\SYSTEM32\ntmarta.dll
0x000000005ee50000 - 0x000000005ef22000 	C:\Program Files\Java\jdk1.8.0_161\jre\bin\msvcr100.dll
0x000000005ef30000 - 0x000000005f7cf000 	C:\Program Files\Java\jdk1.8.0_161\jre\bin\server\jvm.dll
0x00007ff87e6a0000 - 0x00007ff87e6a8000 	C:\WINDOWS\System32\PSAPI.DLL
0x00007ff875d30000 - 0x00007ff875d39000 	C:\WINDOWS\SYSTEM32\WSOCK32.dll
0x00007ff87e1d0000 - 0x00007ff87e23c000 	C:\WINDOWS\System32\WS2_32.dll
0x00007ff8707b0000 - 0x00007ff8707d3000 	C:\WINDOWS\SYSTEM32\WINMM.dll
0x00007ff876060000 - 0x00007ff87606a000 	C:\WINDOWS\SYSTEM32\VERSION.dll
0x00007ff870780000 - 0x00007ff8707aa000 	C:\WINDOWS\SYSTEM32\WINMMBASE.dll
0x000000005f890000 - 0x000000005f89f000 	C:\Program Files\Java\jdk1.8.0_161\jre\bin\verify.dll
0x000000005ede0000 - 0x000000005ee09000 	C:\Program Files\Java\jdk1.8.0_161\jre\bin\java.dll
0x000000005f870000 - 0x000000005f886000 	C:\Program Files\Java\jdk1.8.0_161\jre\bin\zip.dll
0x000000005edc0000 - 0x000000005edda000 	C:\Program Files\Java\jdk1.8.0_161\jre\bin\net.dll
0x00007ff87a960000 - 0x00007ff87a9c6000 	C:\WINDOWS\system32\mswsock.dll
0x000000005eda0000 - 0x000000005edb1000 	C:\Program Files\Java\jdk1.8.0_161\jre\bin\nio.dll

VM Arguments:
jvm_args: -Dclassworlds.conf=C:\Program Files\NetBeans 8.2\java\maven\bin\m2.conf -Dmaven.home=C:\Program Files\NetBeans 8.2\java\maven 
java_command: org.codehaus.plexus.classworlds.launcher.Launcher -Dexec.args=-classpath %classpath com.mac.care_point.Application -Dexec.executable=C:\Program Files\Java\jdk1.8.0_161\bin\java.exe -Dmaven.ext.class.path=C:\Program Files\NetBeans 8.2\java\maven-nblib\netbeans-eventspy.jar -Dfile.encoding=UTF-8 org.codehaus.mojo:exec-maven-plugin:1.2.1:exec
java_class_path (initial): C:\Program Files\NetBeans 8.2\java\maven\boot\plexus-classworlds-2.4.jar
Launcher Type: SUN_STANDARD

Environment Variables:
JAVA_HOME=C:\Program Files\Java\jdk1.8.0_161
PATH=C:\ProgramData\Oracle\Java\javapath;C:\WINDOWS\system32;C:\WINDOWS;C:\WINDOWS\System32\Wbem;C:\WINDOWS\System32\WindowsPowerShell\v1.0\;C:\Program Files\Java\jdk1.8.0_161\bin;C:\Program Files\MySQL\MySQL Utilities 1.6\;C:\Program Files\Git\cmd;C:\Program Files\nodejs\;C:\WINDOWS\System32\OpenSSH\;C:\Program Files (x86)\PuTTY\;C:\Users\kasun\AppData\Local\GitHubDesktop\bin;C:\Users\kasun\AppData\Roaming\npm;C:\Users\kasun\AppData\Local\Microsoft\WindowsApps;C:\Program Files\Heroku\bin;
USERNAME=kasun
OS=Windows_NT
PROCESSOR_IDENTIFIER=Intel64 Family 6 Model 58 Stepping 9, GenuineIntel



---------------  S Y S T E M  ---------------

OS: Windows 10.0 , 64 bit Build 17134 (10.0.17134.1)

CPU:total 4 (initial active 4) (2 cores per cpu, 2 threads per core) family 6 model 58 stepping 9, cmov, cx8, fxsr, mmx, sse, sse2, sse3, ssse3, sse4.1, sse4.2, popcnt, avx, aes, clmul, erms, ht, tsc, tscinvbit, tscinv

Memory: 4k page, physical 8078996k(2621464k free), swap 33244820k(6248k free)

vm_info: Java HotSpot(TM) 64-Bit Server VM (25.161-b12) for windows-amd64 JRE (1.8.0_161-b12), built on Dec 19 2017 17:52:25 by "java_re" with MS VC++ 10.0 (VS2010)

time: Thu Sep 27 11:27:47 2018
elapsed time: 3 seconds (0d 0h 0m 3s)

