#
# There is insufficient memory for the Java Runtime Environment to continue.
# Native memory allocation (malloc) failed to allocate 1443584 bytes for Chunk::new
# Possible reasons:
#   The system is out of physical RAM or swap space
#   In 32 bit mode, the process size limit was hit
# Possible solutions:
#   Reduce memory load on the system
#   Increase physical memory or swap space
#   Check if swap backing store is full
#   Use 64 bit Java on a 64 bit OS
#   Decrease Java heap size (-Xmx/-Xms)
#   Decrease number of Java threads
#   Decrease Java thread stack sizes (-Xss)
#   Set larger code cache with -XX:ReservedCodeCacheSize=
# This output file may be truncated or incomplete.
#
#  Out of Memory Error (allocation.cpp:390), pid=15316, tid=0x0000000000003904
#
# JRE version: Java(TM) SE Runtime Environment (8.0_161-b12) (build 1.8.0_161-b12)
# Java VM: Java HotSpot(TM) 64-Bit Server VM (25.161-b12 mixed mode windows-amd64 compressed oops)
# Failed to write core dump. Minidumps are not enabled by default on client versions of Windows
#

---------------  T H R E A D  ---------------

Current thread (0x00000000181ad800):  JavaThread "C2 CompilerThread0" daemon [_thread_in_native, id=14596, stack(0x0000000019800000,0x0000000019900000)]

Stack: [0x0000000019800000,0x0000000019900000]
[error occurred during error reporting (printing stack bounds), id 0xc0000005]

Native frames: (J=compiled Java code, j=interpreted, Vv=VM code, C=native code)


Current CompileTask:
C2:   3511 1890   !   4       org.codehaus.plexus.interpolation.StringSearchInterpolator::interpolate (665 bytes)


---------------  P R O C E S S  ---------------

Java Threads: ( => current thread )
  0x000000001820d000 JavaThread "Service Thread" daemon [_thread_blocked, id=2472, stack(0x0000000019f00000,0x000000001a000000)]
  0x00000000181eb000 JavaThread "C1 CompilerThread2" daemon [_thread_blocked, id=5204, stack(0x0000000019a00000,0x0000000019b00000)]
  0x00000000181b1000 JavaThread "C2 CompilerThread1" daemon [_thread_in_native, id=9100, stack(0x0000000019900000,0x0000000019a00000)]
=>0x00000000181ad800 JavaThread "C2 CompilerThread0" daemon [_thread_in_native, id=14596, stack(0x0000000019800000,0x0000000019900000)]
  0x00000000181ab000 JavaThread "Attach Listener" daemon [_thread_blocked, id=5176, stack(0x0000000019700000,0x0000000019800000)]
  0x00000000181aa000 JavaThread "Signal Dispatcher" daemon [_thread_blocked, id=15008, stack(0x0000000019600000,0x0000000019700000)]
  0x000000000383d800 JavaThread "Finalizer" daemon [_thread_blocked, id=19280, stack(0x0000000019410000,0x0000000019510000)]
  0x0000000003832000 JavaThread "Reference Handler" daemon [_thread_blocked, id=7208, stack(0x0000000019310000,0x0000000019410000)]
  0x000000000361e800 JavaThread "main" [_thread_in_native, id=7096, stack(0x0000000003640000,0x0000000003740000)]

Other Threads:
  0x0000000018176800 VMThread [stack: 0x0000000019210000,0x0000000019310000] [id=13468]
  0x000000001820d800 WatcherThread [stack: 0x000000001a000000,0x000000001a100000] [id=13492]

VM state:not at safepoint (normal execution)

VM Mutex/Monitor currently owned by a thread: None

Heap:
 PSYoungGen      total 36864K, used 16589K [0x00000000d6e00000, 0x00000000d9700000, 0x0000000100000000)
  eden space 31744K, 36% used [0x00000000d6e00000,0x00000000d793b418,0x00000000d8d00000)
  from space 5120K, 99% used [0x00000000d8d00000,0x00000000d91f8020,0x00000000d9200000)
  to   space 5120K, 0% used [0x00000000d9200000,0x00000000d9200000,0x00000000d9700000)
 ParOldGen       total 84992K, used 6133K [0x0000000084a00000, 0x0000000089d00000, 0x00000000d6e00000)
  object space 84992K, 7% used [0x0000000084a00000,0x0000000084ffd538,0x0000000089d00000)
 Metaspace       used 13048K, capacity 13264K, committed 13440K, reserved 1060864K
  class space    used 1553K, capacity 1618K, committed 1664K, reserved 1048576K

Card table byte_map: [0x0000000012c00000,0x0000000012fe0000] byte_map_base: 0x00000000127db000

Marking Bits: (ParMarkBitMap*) 0x000000005f74f860
 Begin Bits: [0x0000000013680000, 0x0000000015558000)
 End Bits:   [0x0000000015558000, 0x0000000017430000)

Polling page: 0x00000000014e0000

CodeCache: size=245760Kb used=7836Kb max_used=7836Kb free=237923Kb
 bounds [0x0000000003840000, 0x0000000004000000, 0x0000000012840000]
 total_blobs=2619 nmethods=2295 adapters=236
 compilation: enabled

Compilation events (10 events):
Event: 3.501 Thread 0x00000000181eb000 nmethod 2290 0x0000000003fe2b50 code [0x0000000003fe2cc0, 0x0000000003fe2f50]
Event: 3.504 Thread 0x00000000181b1000 nmethod 2275 0x0000000003fe6410 code [0x0000000003fe65a0, 0x0000000003fe6cf8]
Event: 3.504 Thread 0x00000000181b1000 2276       4       org.sonatype.aether.graph.Dependency::<init> (49 bytes)
Event: 3.504 Thread 0x00000000181eb000 2291       1       org.apache.maven.model.Organization::getUrl (5 bytes)
Event: 3.504 Thread 0x00000000181eb000 nmethod 2291 0x0000000003fe6150 code [0x0000000003fe62a0, 0x0000000003fe63b0]
Event: 3.504 Thread 0x00000000181eb000 2292       3       org.apache.maven.model.merge.ModelMerger::mergeModelBase (73 bytes)
Event: 3.505 Thread 0x00000000181eb000 nmethod 2292 0x0000000003fe5610 code [0x0000000003fe57e0, 0x0000000003fe5f78]
Event: 3.505 Thread 0x00000000181eb000 2294       3       org.apache.maven.model.merge.MavenModelMerger::mergeModelBase_Modules (224 bytes)
Event: 3.505 Thread 0x00000000181b1000 nmethod 2276 0x0000000003fe3e90 code [0x0000000003fe3fc0, 0x0000000003fe4098]
Event: 3.505 Thread 0x00000000181b1000 2295  s    4       java.util.Vector::elementAt (48 bytes)

GC Heap History (10 events):
Event: 1.087 GC heap before
{Heap before GC invocations=1 (full 0):
 PSYoungGen      total 36864K, used 31744K [0x00000000d6e00000, 0x00000000d9700000, 0x0000000100000000)
  eden space 31744K, 100% used [0x00000000d6e00000,0x00000000d8d00000,0x00000000d8d00000)
  from space 5120K, 0% used [0x00000000d9200000,0x00000000d9200000,0x00000000d9700000)
  to   space 5120K, 0% used [0x00000000d8d00000,0x00000000d8d00000,0x00000000d9200000)
 ParOldGen       total 84992K, used 0K [0x0000000084a00000, 0x0000000089d00000, 0x00000000d6e00000)
  object space 84992K, 0% used [0x0000000084a00000,0x0000000084a00000,0x0000000089d00000)
 Metaspace       used 7558K, capacity 7714K, committed 7936K, reserved 1056768K
  class space    used 949K, capacity 1017K, committed 1024K, reserved 1048576K
Event: 1.093 GC heap after
Heap after GC invocations=1 (full 0):
 PSYoungGen      total 36864K, used 4359K [0x00000000d6e00000, 0x00000000d9700000, 0x0000000100000000)
  eden space 31744K, 0% used [0x00000000d6e00000,0x00000000d6e00000,0x00000000d8d00000)
  from space 5120K, 85% used [0x00000000d8d00000,0x00000000d9141eb8,0x00000000d9200000)
  to   space 5120K, 0% used [0x00000000d9200000,0x00000000d9200000,0x00000000d9700000)
 ParOldGen       total 84992K, used 16K [0x0000000084a00000, 0x0000000089d00000, 0x00000000d6e00000)
  object space 84992K, 0% used [0x0000000084a00000,0x0000000084a04000,0x0000000089d00000)
 Metaspace       used 7558K, capacity 7714K, committed 7936K, reserved 1056768K
  class space    used 949K, capacity 1017K, committed 1024K, reserved 1048576K
}
Event: 2.048 GC heap before
{Heap before GC invocations=2 (full 0):
 PSYoungGen      total 36864K, used 36103K [0x00000000d6e00000, 0x00000000d9700000, 0x0000000100000000)
  eden space 31744K, 100% used [0x00000000d6e00000,0x00000000d8d00000,0x00000000d8d00000)
  from space 5120K, 85% used [0x00000000d8d00000,0x00000000d9141eb8,0x00000000d9200000)
  to   space 5120K, 0% used [0x00000000d9200000,0x00000000d9200000,0x00000000d9700000)
 ParOldGen       total 84992K, used 16K [0x0000000084a00000, 0x0000000089d00000, 0x00000000d6e00000)
  object space 84992K, 0% used [0x0000000084a00000,0x0000000084a04000,0x0000000089d00000)
 Metaspace       used 11945K, capacity 12168K, committed 12416K, reserved 1060864K
  class space    used 1476K, capacity 1537K, committed 1664K, reserved 1048576K
Event: 2.058 GC heap after
Heap after GC invocations=2 (full 0):
 PSYoungGen      total 36864K, used 5105K [0x00000000d6e00000, 0x00000000d9700000, 0x0000000100000000)
  eden space 31744K, 0% used [0x00000000d6e00000,0x00000000d6e00000,0x00000000d8d00000)
  from space 5120K, 99% used [0x00000000d9200000,0x00000000d96fc678,0x00000000d9700000)
  to   space 5120K, 0% used [0x00000000d8d00000,0x00000000d8d00000,0x00000000d9200000)
 ParOldGen       total 84992K, used 2120K [0x0000000084a00000, 0x0000000089d00000, 0x00000000d6e00000)
  object space 84992K, 2% used [0x0000000084a00000,0x0000000084c12158,0x0000000089d00000)
 Metaspace       used 11945K, capacity 12168K, committed 12416K, reserved 1060864K
  class space    used 1476K, capacity 1537K, committed 1664K, reserved 1048576K
}
Event: 2.492 GC heap before
{Heap before GC invocations=3 (full 0):
 PSYoungGen      total 36864K, used 36849K [0x00000000d6e00000, 0x00000000d9700000, 0x0000000100000000)
  eden space 31744K, 100% used [0x00000000d6e00000,0x00000000d8d00000,0x00000000d8d00000)
  from space 5120K, 99% used [0x00000000d9200000,0x00000000d96fc678,0x00000000d9700000)
  to   space 5120K, 0% used [0x00000000d8d00000,0x00000000d8d00000,0x00000000d9200000)
 ParOldGen       total 84992K, used 2120K [0x0000000084a00000, 0x0000000089d00000, 0x00000000d6e00000)
  object space 84992K, 2% used [0x0000000084a00000,0x0000000084c12158,0x0000000089d00000)
 Metaspace       used 12588K, capacity 12838K, committed 13184K, reserved 1060864K
  class space    used 1531K, capacity 1611K, committed 1664K, reserved 1048576K
Event: 2.503 GC heap after
Heap after GC invocations=3 (full 0):
 PSYoungGen      total 36864K, used 5104K [0x00000000d6e00000, 0x00000000d9700000, 0x0000000100000000)
  eden space 31744K, 0% used [0x00000000d6e00000,0x00000000d6e00000,0x00000000d8d00000)
  from space 5120K, 99% used [0x00000000d8d00000,0x00000000d91fc010,0x00000000d9200000)
  to   space 5120K, 0% used [0x00000000d9200000,0x00000000d9200000,0x00000000d9700000)
 ParOldGen       total 84992K, used 2781K [0x0000000084a00000, 0x0000000089d00000, 0x00000000d6e00000)
  object space 84992K, 3% used [0x0000000084a00000,0x0000000084cb7528,0x0000000089d00000)
 Metaspace       used 12588K, capacity 12838K, committed 13184K, reserved 1060864K
  class space    used 1531K, capacity 1611K, committed 1664K, reserved 1048576K
}
Event: 2.863 GC heap before
{Heap before GC invocations=4 (full 0):
 PSYoungGen      total 36864K, used 36848K [0x00000000d6e00000, 0x00000000d9700000, 0x0000000100000000)
  eden space 31744K, 100% used [0x00000000d6e00000,0x00000000d8d00000,0x00000000d8d00000)
  from space 5120K, 99% used [0x00000000d8d00000,0x00000000d91fc010,0x00000000d9200000)
  to   space 5120K, 0% used [0x00000000d9200000,0x00000000d9200000,0x00000000d9700000)
 ParOldGen       total 84992K, used 2781K [0x0000000084a00000, 0x0000000089d00000, 0x00000000d6e00000)
  object space 84992K, 3% used [0x0000000084a00000,0x0000000084cb7528,0x0000000089d00000)
 Metaspace       used 12687K, capacity 12908K, committed 13184K, reserved 1060864K
  class space    used 1533K, capacity 1612K, committed 1664K, reserved 1048576K
Event: 2.872 GC heap after
Heap after GC invocations=4 (full 0):
 PSYoungGen      total 36864K, used 5104K [0x00000000d6e00000, 0x00000000d9700000, 0x0000000100000000)
  eden space 31744K, 0% used [0x00000000d6e00000,0x00000000d6e00000,0x00000000d8d00000)
  from space 5120K, 99% used [0x00000000d9200000,0x00000000d96fc010,0x00000000d9700000)
  to   space 5120K, 0% used [0x00000000d8d00000,0x00000000d8d00000,0x00000000d9200000)
 ParOldGen       total 84992K, used 4613K [0x0000000084a00000, 0x0000000089d00000, 0x00000000d6e00000)
  object space 84992K, 5% used [0x0000000084a00000,0x0000000084e81528,0x0000000089d00000)
 Metaspace       used 12687K, capacity 12908K, committed 13184K, reserved 1060864K
  class space    used 1533K, capacity 1612K, committed 1664K, reserved 1048576K
}
Event: 3.270 GC heap before
{Heap before GC invocations=5 (full 0):
 PSYoungGen      total 36864K, used 36848K [0x00000000d6e00000, 0x00000000d9700000, 0x0000000100000000)
  eden space 31744K, 100% used [0x00000000d6e00000,0x00000000d8d00000,0x00000000d8d00000)
  from space 5120K, 99% used [0x00000000d9200000,0x00000000d96fc010,0x00000000d9700000)
  to   space 5120K, 0% used [0x00000000d8d00000,0x00000000d8d00000,0x00000000d9200000)
 ParOldGen       total 84992K, used 4613K [0x0000000084a00000, 0x0000000089d00000, 0x00000000d6e00000)
  object space 84992K, 5% used [0x0000000084a00000,0x0000000084e81528,0x0000000089d00000)
 Metaspace       used 12840K, capacity 13072K, committed 13184K, reserved 1060864K
  class space    used 1538K, capacity 1618K, committed 1664K, reserved 1048576K
Event: 3.286 GC heap after
Heap after GC invocations=5 (full 0):
 PSYoungGen      total 36864K, used 5088K [0x00000000d6e00000, 0x00000000d9700000, 0x0000000100000000)
  eden space 31744K, 0% used [0x00000000d6e00000,0x00000000d6e00000,0x00000000d8d00000)
  from space 5120K, 99% used [0x00000000d8d00000,0x00000000d91f8020,0x00000000d9200000)
  to   space 5120K, 0% used [0x00000000d9200000,0x00000000d9200000,0x00000000d9700000)
 ParOldGen       total 84992K, used 6133K [0x0000000084a00000, 0x0000000089d00000, 0x00000000d6e00000)
  object space 84992K, 7% used [0x0000000084a00000,0x0000000084ffd538,0x0000000089d00000)
 Metaspace       used 12840K, capacity 13072K, committed 13184K, reserved 1060864K
  class space    used 1538K, capacity 1618K, committed 1664K, reserved 1048576K
}

Deoptimization events (10 events):
Event: 3.099 Thread 0x000000000361e800 Uncommon trap: reason=speculate_class_check action=maybe_recompile pc=0x0000000003e64278 method=java.nio.charset.CharsetDecoder.decode(Ljava/nio/ByteBuffer;Ljava/nio/CharBuffer;Z)Ljava/nio/charset/CoderResult; @ 57
Event: 3.100 Thread 0x000000000361e800 Uncommon trap: reason=speculate_class_check action=maybe_recompile pc=0x0000000003e64278 method=java.nio.charset.CharsetDecoder.decode(Ljava/nio/ByteBuffer;Ljava/nio/CharBuffer;Z)Ljava/nio/charset/CoderResult; @ 57
Event: 3.101 Thread 0x000000000361e800 Uncommon trap: reason=unstable_if action=reinterpret pc=0x0000000003f09c7c method=org.apache.maven.model.io.xpp3.MavenXpp3Reader.nextTag(Lorg/codehaus/plexus/util/xml/pull/XmlPullParser;)I @ 9
Event: 3.101 Thread 0x000000000361e800 Uncommon trap: reason=speculate_class_check action=maybe_recompile pc=0x0000000003e5b44c method=java.nio.charset.CharsetDecoder.decode(Ljava/nio/ByteBuffer;Ljava/nio/CharBuffer;Z)Ljava/nio/charset/CoderResult; @ 57
Event: 3.117 Thread 0x000000000361e800 Uncommon trap: reason=speculate_class_check action=maybe_recompile pc=0x0000000003e5b44c method=java.nio.charset.CharsetDecoder.decode(Ljava/nio/ByteBuffer;Ljava/nio/CharBuffer;Z)Ljava/nio/charset/CoderResult; @ 57
Event: 3.216 Thread 0x000000000361e800 Uncommon trap: reason=intrinsic action=make_not_entrant pc=0x0000000003e939b4 method=org.apache.maven.model.Dependency.getManagementKey()Ljava/lang/String; @ 0
Event: 3.216 Thread 0x000000000361e800 Uncommon trap: reason=intrinsic action=make_not_entrant pc=0x0000000003dff904 method=org.apache.maven.model.Dependency.getManagementKey()Ljava/lang/String; @ 0
Event: 3.421 Thread 0x000000000361e800 Uncommon trap: reason=class_check action=maybe_recompile pc=0x0000000003fad848 method=java.util.AbstractCollection.containsAll(Ljava/util/Collection;)Z @ 1
Event: 3.435 Thread 0x000000000361e800 Uncommon trap: reason=class_check action=maybe_recompile pc=0x0000000003fad848 method=java.util.AbstractCollection.containsAll(Ljava/util/Collection;)Z @ 1
Event: 3.487 Thread 0x000000000361e800 Uncommon trap: reason=unstable_if action=reinterpret pc=0x0000000003c8cad0 method=java.util.LinkedHashMap.afterNodeInsertion(Z)V @ 18

Classes redefined (0 events):
No events

Internal exceptions (10 events):
Event: 0.757 Thread 0x000000000361e800 Exception <a 'java/lang/ArrayIndexOutOfBoundsException'> (0x00000000d7b0f1d0) thrown at [C:\re\workspace\8-2-build-windows-amd64-cygwin\jdk8u161\10277\hotspot\src\share\vm\runtime\sharedRuntime.cpp, line 605]
Event: 0.996 Thread 0x000000000361e800 Exception <a 'java/lang/ArrayIndexOutOfBoundsException'> (0x00000000d89b2230) thrown at [C:\re\workspace\8-2-build-windows-amd64-cygwin\jdk8u161\10277\hotspot\src\share\vm\runtime\sharedRuntime.cpp, line 605]
Event: 0.996 Thread 0x000000000361e800 Exception <a 'java/lang/ArrayIndexOutOfBoundsException'> (0x00000000d89b4578) thrown at [C:\re\workspace\8-2-build-windows-amd64-cygwin\jdk8u161\10277\hotspot\src\share\vm\runtime\sharedRuntime.cpp, line 605]
Event: 1.134 Thread 0x000000000361e800 Exception <a 'java/lang/NoClassDefFoundError': org/slf4j/Logger> (0x00000000d6ff9680) thrown at [C:\re\workspace\8-2-build-windows-amd64-cygwin\jdk8u161\10277\hotspot\src\share\vm\classfile\systemDictionary.cpp, line 199]
Event: 1.229 Thread 0x000000000361e800 Exception <a 'java/lang/NoClassDefFoundError': org/slf4j/LoggerFactory> (0x00000000d72c76c8) thrown at [C:\re\workspace\8-2-build-windows-amd64-cygwin\jdk8u161\10277\hotspot\src\share\vm\classfile\systemDictionary.cpp, line 199]
Event: 1.229 Thread 0x000000000361e800 Exception <a 'java/lang/NoClassDefFoundError'> (0x00000000d72c76c8) thrown at [C:\re\workspace\8-2-build-windows-amd64-cygwin\jdk8u161\10277\hotspot\src\share\vm\oops\instanceKlass.cpp, line 959]
Event: 2.244 Thread 0x000000000361e800 Implicit null exception at 0x0000000003be6495 to 0x0000000003be6691
Event: 2.244 Thread 0x000000000361e800 Implicit null exception at 0x0000000003bbd42f to 0x0000000003bbd499
Event: 2.245 Thread 0x000000000361e800 Implicit null exception at 0x0000000003bcdfbb to 0x0000000003bce6e5
Event: 2.576 Thread 0x000000000361e800 Implicit null exception at 0x0000000003e057ff to 0x0000000003e05cc9

Events (10 events):
Event: 3.421 Thread 0x000000000361e800 DEOPT PACKING pc=0x0000000003fad848 sp=0x000000000373de70
Event: 3.421 Thread 0x000000000361e800 DEOPT UNPACKING pc=0x000000000388583b sp=0x000000000373de08 mode 2
Event: 3.435 Thread 0x000000000361e800 Uncommon trap: trap_request=0xffffffde fr.pc=0x0000000003fad848
Event: 3.435 Thread 0x000000000361e800 DEOPT PACKING pc=0x0000000003fad848 sp=0x000000000373dd30
Event: 3.435 Thread 0x000000000361e800 DEOPT UNPACKING pc=0x000000000388583b sp=0x000000000373dcc8 mode 2
Event: 3.438 Thread 0x000000000361e800 DEOPT PACKING pc=0x0000000003eb450c sp=0x000000000373d5b0
Event: 3.438 Thread 0x000000000361e800 DEOPT UNPACKING pc=0x0000000003887890 sp=0x000000000373d360 mode 0
Event: 3.487 Thread 0x000000000361e800 Uncommon trap: trap_request=0xffffff65 fr.pc=0x0000000003c8cad0
Event: 3.487 Thread 0x000000000361e800 DEOPT PACKING pc=0x0000000003c8cad0 sp=0x000000000373d3d0
Event: 3.487 Thread 0x000000000361e800 DEOPT UNPACKING pc=0x000000000388583b sp=0x000000000373d358 mode 2


Dynamic libraries:
0x00007ff6c6970000 - 0x00007ff6c69a7000 	C:\Program Files\Java\jdk1.8.0_161\bin\java.exe
0x00007ff87edd0000 - 0x00007ff87efb1000 	C:\WINDOWS\SYSTEM32\ntdll.dll
0x00007ff87d970000 - 0x00007ff87da22000 	C:\WINDOWS\System32\KERNEL32.DLL
0x00007ff87be40000 - 0x00007ff87c0b3000 	C:\WINDOWS\System32\KERNELBASE.dll
0x00007ff87da90000 - 0x00007ff87db31000 	C:\WINDOWS\System32\ADVAPI32.dll
0x00007ff87dc30000 - 0x00007ff87dcce000 	C:\WINDOWS\System32\msvcrt.dll
0x00007ff87dda0000 - 0x00007ff87ddfb000 	C:\WINDOWS\System32\sechost.dll
0x00007ff87c260000 - 0x00007ff87c384000 	C:\WINDOWS\System32\RPCRT4.dll
0x00007ff87de90000 - 0x00007ff87e020000 	C:\WINDOWS\System32\USER32.dll
0x00007ff87be20000 - 0x00007ff87be40000 	C:\WINDOWS\System32\win32u.dll
0x00007ff87de00000 - 0x00007ff87de28000 	C:\WINDOWS\System32\GDI32.dll
0x00007ff87bc80000 - 0x00007ff87be12000 	C:\WINDOWS\System32\gdi32full.dll
0x00007ff87c1c0000 - 0x00007ff87c25f000 	C:\WINDOWS\System32\msvcp_win.dll
0x00007ff87c0c0000 - 0x00007ff87c1ba000 	C:\WINDOWS\System32\ucrtbase.dll
0x00007ff871400000 - 0x00007ff871669000 	C:\WINDOWS\WinSxS\amd64_microsoft.windows.common-controls_6595b64144ccf1df_6.0.17134.286_none_fb43982d306480cc\COMCTL32.dll
0x00007ff87e810000 - 0x00007ff87eb33000 	C:\WINDOWS\System32\combase.dll
0x00007ff87b1f0000 - 0x00007ff87b26a000 	C:\WINDOWS\System32\bcryptPrimitives.dll
0x00007ff87ecf0000 - 0x00007ff87ed1d000 	C:\WINDOWS\System32\IMM32.DLL
0x00007ff864120000 - 0x00007ff8641ad000 	C:\Program Files\Emsisoft Anti-Malware\a2hooks64.dll
0x00007ff87c530000 - 0x00007ff87d970000 	C:\WINDOWS\System32\SHELL32.dll
0x00007ff87b1a0000 - 0x00007ff87b1e9000 	C:\WINDOWS\System32\cfgmgr32.dll
0x00007ff87ec40000 - 0x00007ff87ece9000 	C:\WINDOWS\System32\shcore.dll
0x00007ff87b320000 - 0x00007ff87ba2d000 	C:\WINDOWS\System32\windows.storage.dll
0x00007ff87da30000 - 0x00007ff87da81000 	C:\WINDOWS\System32\shlwapi.dll
0x00007ff87b0e0000 - 0x00007ff87b0f1000 	C:\WINDOWS\System32\kernel.appcore.dll
0x00007ff87b130000 - 0x00007ff87b14f000 	C:\WINDOWS\System32\profapi.dll
0x00007ff87b150000 - 0x00007ff87b19c000 	C:\WINDOWS\System32\powrprof.dll
0x00007ff87b100000 - 0x00007ff87b10a000 	C:\WINDOWS\System32\FLTLIB.DLL
0x00007ff87a1d0000 - 0x00007ff87a201000 	C:\WINDOWS\SYSTEM32\ntmarta.dll
0x000000005ee50000 - 0x000000005ef22000 	C:\Program Files\Java\jdk1.8.0_161\jre\bin\msvcr100.dll
0x000000005ef30000 - 0x000000005f7cf000 	C:\Program Files\Java\jdk1.8.0_161\jre\bin\server\jvm.dll
0x00007ff87e6a0000 - 0x00007ff87e6a8000 	C:\WINDOWS\System32\PSAPI.DLL
0x00007ff875d30000 - 0x00007ff875d39000 	C:\WINDOWS\SYSTEM32\WSOCK32.dll
0x00007ff87e1d0000 - 0x00007ff87e23c000 	C:\WINDOWS\System32\WS2_32.dll
0x00007ff8707b0000 - 0x00007ff8707d3000 	C:\WINDOWS\SYSTEM32\WINMM.dll
0x00007ff876060000 - 0x00007ff87606a000 	C:\WINDOWS\SYSTEM32\VERSION.dll
0x00007ff870780000 - 0x00007ff8707aa000 	C:\WINDOWS\SYSTEM32\WINMMBASE.dll
0x000000005f890000 - 0x000000005f89f000 	C:\Program Files\Java\jdk1.8.0_161\jre\bin\verify.dll
0x000000005ede0000 - 0x000000005ee09000 	C:\Program Files\Java\jdk1.8.0_161\jre\bin\java.dll
0x000000005f870000 - 0x000000005f886000 	C:\Program Files\Java\jdk1.8.0_161\jre\bin\zip.dll
0x000000005edc0000 - 0x000000005edda000 	C:\Program Files\Java\jdk1.8.0_161\jre\bin\net.dll
0x00007ff87a960000 - 0x00007ff87a9c6000 	C:\WINDOWS\system32\mswsock.dll
0x000000005eda0000 - 0x000000005edb1000 	C:\Program Files\Java\jdk1.8.0_161\jre\bin\nio.dll

VM Arguments:
jvm_args: -Dclassworlds.conf=C:\Program Files\NetBeans 8.2\java\maven\bin\m2.conf -Dmaven.home=C:\Program Files\NetBeans 8.2\java\maven 
java_command: org.codehaus.plexus.classworlds.launcher.Launcher -Dexec.args=-classpath %classpath com.mac.care_point.Application -Dexec.executable=C:\Program Files\Java\jdk1.8.0_161\bin\java.exe -Dmaven.ext.class.path=C:\Program Files\NetBeans 8.2\java\maven-nblib\netbeans-eventspy.jar -Dfile.encoding=UTF-8 org.codehaus.mojo:exec-maven-plugin:1.2.1:exec
java_class_path (initial): C:\Program Files\NetBeans 8.2\java\maven\boot\plexus-classworlds-2.4.jar
Launcher Type: SUN_STANDARD

Environment Variables:
JAVA_HOME=C:\Program Files\Java\jdk1.8.0_161
PATH=C:\ProgramData\Oracle\Java\javapath;C:\WINDOWS\system32;C:\WINDOWS;C:\WINDOWS\System32\Wbem;C:\WINDOWS\System32\WindowsPowerShell\v1.0\;C:\Program Files\Java\jdk1.8.0_161\bin;C:\Program Files\MySQL\MySQL Utilities 1.6\;C:\Program Files\Git\cmd;C:\Program Files\nodejs\;C:\WINDOWS\System32\OpenSSH\;C:\Program Files (x86)\PuTTY\;C:\Users\kasun\AppData\Local\GitHubDesktop\bin;C:\Users\kasun\AppData\Roaming\npm;C:\Users\kasun\AppData\Local\Microsoft\WindowsApps;C:\Program Files\Heroku\bin;
USERNAME=kasun
OS=Windows_NT
PROCESSOR_IDENTIFIER=Intel64 Family 6 Model 58 Stepping 9, GenuineIntel



---------------  S Y S T E M  ---------------

OS: Windows 10.0 , 64 bit Build 17134 (10.0.17134.1)

CPU:total 4 (initial active 4) (2 cores per cpu, 2 threads per core) family 6 model 58 stepping 9, cmov, cx8, fxsr, mmx, sse, sse2, sse3, ssse3, sse4.1, sse4.2, popcnt, avx, aes, clmul, erms, ht, tsc, tscinvbit, tscinv

Memory: 4k page, physical 8078996k(2576608k free), swap 33244820k(5504k free)

vm_info: Java HotSpot(TM) 64-Bit Server VM (25.161-b12) for windows-amd64 JRE (1.8.0_161-b12), built on Dec 19 2017 17:52:25 by "java_re" with MS VC++ 10.0 (VS2010)

time: Thu Sep 27 11:29:01 2018
elapsed time: 3 seconds (0d 0h 0m 3s)

