#
# There is insufficient memory for the Java Runtime Environment to continue.
# Native memory allocation (malloc) failed to allocate 32744 bytes for ChunkPool::allocate
# Possible reasons:
#   The system is out of physical RAM or swap space
#   In 32 bit mode, the process size limit was hit
# Possible solutions:
#   Reduce memory load on the system
#   Increase physical memory or swap space
#   Check if swap backing store is full
#   Use 64 bit Java on a 64 bit OS
#   Decrease Java heap size (-Xmx/-Xms)
#   Decrease number of Java threads
#   Decrease Java thread stack sizes (-Xss)
#   Set larger code cache with -XX:ReservedCodeCacheSize=
# This output file may be truncated or incomplete.
#
#  Out of Memory Error (allocation.cpp:273), pid=18856, tid=0x00000000000006b8
#
# JRE version: Java(TM) SE Runtime Environment (8.0_161-b12) (build 1.8.0_161-b12)
# Java VM: Java HotSpot(TM) 64-Bit Server VM (25.161-b12 mixed mode windows-amd64 compressed oops)
# Failed to write core dump. Minidumps are not enabled by default on client versions of Windows
#

---------------  T H R E A D  ---------------

Current thread (0x0000000017a4e800):  JavaThread "C2 CompilerThread0" daemon [_thread_in_native, id=1720, stack(0x00000000190c0000,0x00000000191c0000)]

Stack: [0x00000000190c0000,0x00000000191c0000]
[error occurred during error reporting (printing stack bounds), id 0xc0000005]

Native frames: (J=compiled Java code, j=interpreted, Vv=VM code, C=native code)


Current CompileTask:
C2:   3425 2046       4       org.apache.maven.repository.internal.DefaultArtifactDescriptorReader::convert (191 bytes)


---------------  P R O C E S S  ---------------

Java Threads: ( => current thread )
  0x00000000193e8800 JavaThread "Service Thread" daemon [_thread_blocked, id=11984, stack(0x00000000197c0000,0x00000000198c0000)]
  0x0000000017a5b800 JavaThread "C1 CompilerThread2" daemon [_thread_blocked, id=18524, stack(0x00000000192c0000,0x00000000193c0000)]
  0x0000000017a56000 JavaThread "C2 CompilerThread1" daemon [_thread_in_native, id=13924, stack(0x00000000191c0000,0x00000000192c0000)]
=>0x0000000017a4e800 JavaThread "C2 CompilerThread0" daemon [_thread_in_native, id=1720, stack(0x00000000190c0000,0x00000000191c0000)]
  0x0000000017a4c000 JavaThread "Attach Listener" daemon [_thread_blocked, id=8000, stack(0x0000000018fc0000,0x00000000190c0000)]
  0x0000000017a4b000 JavaThread "Signal Dispatcher" daemon [_thread_blocked, id=13776, stack(0x0000000018ec0000,0x0000000018fc0000)]
  0x00000000030ae000 JavaThread "Finalizer" daemon [_thread_blocked, id=15704, stack(0x0000000018cd0000,0x0000000018dd0000)]
  0x00000000030a3000 JavaThread "Reference Handler" daemon [_thread_blocked, id=14436, stack(0x0000000018bd0000,0x0000000018cd0000)]
  0x0000000002fb2800 JavaThread "main" [_thread_in_Java, id=16064, stack(0x0000000002eb0000,0x0000000002fb0000)]

Other Threads:
  0x0000000017a17800 VMThread [stack: 0x0000000018ad0000,0x0000000018bd0000] [id=11680]
  0x0000000017aae800 WatcherThread [stack: 0x00000000198c0000,0x00000000199c0000] [id=10800]

VM state:not at safepoint (normal execution)

VM Mutex/Monitor currently owned by a thread: None

Heap:
 PSYoungGen      total 36864K, used 14693K [0x00000000d6e00000, 0x00000000d9700000, 0x0000000100000000)
  eden space 31744K, 30% used [0x00000000d6e00000,0x00000000d775d650,0x00000000d8d00000)
  from space 5120K, 99% used [0x00000000d8d00000,0x00000000d91fc030,0x00000000d9200000)
  to   space 5120K, 0% used [0x00000000d9200000,0x00000000d9200000,0x00000000d9700000)
 ParOldGen       total 84992K, used 6924K [0x0000000084a00000, 0x0000000089d00000, 0x00000000d6e00000)
  object space 84992K, 8% used [0x0000000084a00000,0x00000000850c33b8,0x0000000089d00000)
 Metaspace       used 12898K, capacity 13130K, committed 13440K, reserved 1060864K
  class space    used 1539K, capacity 1617K, committed 1664K, reserved 1048576K

Card table byte_map: [0x0000000012470000,0x0000000012850000] byte_map_base: 0x000000001204b000

Marking Bits: (ParMarkBitMap*) 0x000000005f74f860
 Begin Bits: [0x0000000012ef0000, 0x0000000014dc8000)
 End Bits:   [0x0000000014dc8000, 0x0000000016ca0000)

Polling page: 0x0000000001250000

CodeCache: size=245760Kb used=7689Kb max_used=7689Kb free=238071Kb
 bounds [0x00000000030b0000, 0x0000000003840000, 0x00000000120b0000]
 total_blobs=2459 nmethods=2135 adapters=236
 compilation: enabled

Compilation events (10 events):
Event: 3.375 Thread 0x0000000017a5b800 2143       3       org.sonatype.aether.graph.Dependency$Exclusions::size (6 bytes)
Event: 3.375 Thread 0x0000000017a5b800 nmethod 2143 0x0000000003837d90 code [0x0000000003837ee0, 0x0000000003838030]
Event: 3.380 Thread 0x0000000017a5b800 2144       3       org.sonatype.aether.util.version.GenericVersion$Item::hashCode (16 bytes)
Event: 3.380 Thread 0x0000000017a5b800 nmethod 2144 0x00000000038380d0 code [0x0000000003838240, 0x0000000003838468]
Event: 3.388 Thread 0x0000000017a5b800 2145       3       org.sonatype.aether.util.DefaultRepositoryCache::get (11 bytes)
Event: 3.389 Thread 0x0000000017a5b800 nmethod 2145 0x0000000003838510 code [0x0000000003838680, 0x00000000038388a8]
Event: 3.398 Thread 0x0000000017a5b800 2146       3       org.apache.maven.model.merge.ModelMerger::mergePluginContainer (10 bytes)
Event: 3.398 Thread 0x0000000017a5b800 nmethod 2146 0x0000000003838990 code [0x0000000003838b00, 0x0000000003838d08]
Event: 3.419 Thread 0x0000000017a5b800 2149       1       sun.reflect.ByteVectorImpl::getLength (7 bytes)
Event: 3.419 Thread 0x0000000017a5b800 nmethod 2149 0x0000000003838dd0 code [0x0000000003838f20, 0x0000000003839030]

GC Heap History (10 events):
Event: 0.975 GC heap before
{Heap before GC invocations=1 (full 0):
 PSYoungGen      total 36864K, used 31744K [0x00000000d6e00000, 0x00000000d9700000, 0x0000000100000000)
  eden space 31744K, 100% used [0x00000000d6e00000,0x00000000d8d00000,0x00000000d8d00000)
  from space 5120K, 0% used [0x00000000d9200000,0x00000000d9200000,0x00000000d9700000)
  to   space 5120K, 0% used [0x00000000d8d00000,0x00000000d8d00000,0x00000000d9200000)
 ParOldGen       total 84992K, used 0K [0x0000000084a00000, 0x0000000089d00000, 0x00000000d6e00000)
  object space 84992K, 0% used [0x0000000084a00000,0x0000000084a00000,0x0000000089d00000)
 Metaspace       used 7553K, capacity 7714K, committed 7936K, reserved 1056768K
  class space    used 949K, capacity 1017K, committed 1024K, reserved 1048576K
Event: 0.981 GC heap after
Heap after GC invocations=1 (full 0):
 PSYoungGen      total 36864K, used 4354K [0x00000000d6e00000, 0x00000000d9700000, 0x0000000100000000)
  eden space 31744K, 0% used [0x00000000d6e00000,0x00000000d6e00000,0x00000000d8d00000)
  from space 5120K, 85% used [0x00000000d8d00000,0x00000000d91409f8,0x00000000d9200000)
  to   space 5120K, 0% used [0x00000000d9200000,0x00000000d9200000,0x00000000d9700000)
 ParOldGen       total 84992K, used 16K [0x0000000084a00000, 0x0000000089d00000, 0x00000000d6e00000)
  object space 84992K, 0% used [0x0000000084a00000,0x0000000084a04000,0x0000000089d00000)
 Metaspace       used 7553K, capacity 7714K, committed 7936K, reserved 1056768K
  class space    used 949K, capacity 1017K, committed 1024K, reserved 1048576K
}
Event: 1.922 GC heap before
{Heap before GC invocations=2 (full 0):
 PSYoungGen      total 36864K, used 36098K [0x00000000d6e00000, 0x00000000d9700000, 0x0000000100000000)
  eden space 31744K, 100% used [0x00000000d6e00000,0x00000000d8d00000,0x00000000d8d00000)
  from space 5120K, 85% used [0x00000000d8d00000,0x00000000d91409f8,0x00000000d9200000)
  to   space 5120K, 0% used [0x00000000d9200000,0x00000000d9200000,0x00000000d9700000)
 ParOldGen       total 84992K, used 16K [0x0000000084a00000, 0x0000000089d00000, 0x00000000d6e00000)
  object space 84992K, 0% used [0x0000000084a00000,0x0000000084a04000,0x0000000089d00000)
 Metaspace       used 11943K, capacity 12168K, committed 12416K, reserved 1060864K
  class space    used 1476K, capacity 1537K, committed 1664K, reserved 1048576K
Event: 1.931 GC heap after
Heap after GC invocations=2 (full 0):
 PSYoungGen      total 36864K, used 5089K [0x00000000d6e00000, 0x00000000d9700000, 0x0000000100000000)
  eden space 31744K, 0% used [0x00000000d6e00000,0x00000000d6e00000,0x00000000d8d00000)
  from space 5120K, 99% used [0x00000000d9200000,0x00000000d96f8688,0x00000000d9700000)
  to   space 5120K, 0% used [0x00000000d8d00000,0x00000000d8d00000,0x00000000d9200000)
 ParOldGen       total 84992K, used 2191K [0x0000000084a00000, 0x0000000089d00000, 0x00000000d6e00000)
  object space 84992K, 2% used [0x0000000084a00000,0x0000000084c23e58,0x0000000089d00000)
 Metaspace       used 11943K, capacity 12168K, committed 12416K, reserved 1060864K
  class space    used 1476K, capacity 1537K, committed 1664K, reserved 1048576K
}
Event: 2.475 GC heap before
{Heap before GC invocations=3 (full 0):
 PSYoungGen      total 36864K, used 36833K [0x00000000d6e00000, 0x00000000d9700000, 0x0000000100000000)
  eden space 31744K, 100% used [0x00000000d6e00000,0x00000000d8d00000,0x00000000d8d00000)
  from space 5120K, 99% used [0x00000000d9200000,0x00000000d96f8688,0x00000000d9700000)
  to   space 5120K, 0% used [0x00000000d8d00000,0x00000000d8d00000,0x00000000d9200000)
 ParOldGen       total 84992K, used 2191K [0x0000000084a00000, 0x0000000089d00000, 0x00000000d6e00000)
  object space 84992K, 2% used [0x0000000084a00000,0x0000000084c23e58,0x0000000089d00000)
 Metaspace       used 12616K, capacity 12838K, committed 13184K, reserved 1060864K
  class space    used 1532K, capacity 1611K, committed 1664K, reserved 1048576K
Event: 2.486 GC heap after
Heap after GC invocations=3 (full 0):
 PSYoungGen      total 36864K, used 5104K [0x00000000d6e00000, 0x00000000d9700000, 0x0000000100000000)
  eden space 31744K, 0% used [0x00000000d6e00000,0x00000000d6e00000,0x00000000d8d00000)
  from space 5120K, 99% used [0x00000000d8d00000,0x00000000d91fc010,0x00000000d9200000)
  to   space 5120K, 0% used [0x00000000d9200000,0x00000000d9200000,0x00000000d9700000)
 ParOldGen       total 84992K, used 3364K [0x0000000084a00000, 0x0000000089d00000, 0x00000000d6e00000)
  object space 84992K, 3% used [0x0000000084a00000,0x0000000084d49378,0x0000000089d00000)
 Metaspace       used 12616K, capacity 12838K, committed 13184K, reserved 1060864K
  class space    used 1532K, capacity 1611K, committed 1664K, reserved 1048576K
}
Event: 2.813 GC heap before
{Heap before GC invocations=4 (full 0):
 PSYoungGen      total 36864K, used 36848K [0x00000000d6e00000, 0x00000000d9700000, 0x0000000100000000)
  eden space 31744K, 100% used [0x00000000d6e00000,0x00000000d8d00000,0x00000000d8d00000)
  from space 5120K, 99% used [0x00000000d8d00000,0x00000000d91fc010,0x00000000d9200000)
  to   space 5120K, 0% used [0x00000000d9200000,0x00000000d9200000,0x00000000d9700000)
 ParOldGen       total 84992K, used 3364K [0x0000000084a00000, 0x0000000089d00000, 0x00000000d6e00000)
  object space 84992K, 3% used [0x0000000084a00000,0x0000000084d49378,0x0000000089d00000)
 Metaspace       used 12723K, capacity 12972K, committed 13184K, reserved 1060864K
  class space    used 1535K, capacity 1612K, committed 1664K, reserved 1048576K
Event: 2.823 GC heap after
Heap after GC invocations=4 (full 0):
 PSYoungGen      total 36864K, used 5088K [0x00000000d6e00000, 0x00000000d9700000, 0x0000000100000000)
  eden space 31744K, 0% used [0x00000000d6e00000,0x00000000d6e00000,0x00000000d8d00000)
  from space 5120K, 99% used [0x00000000d9200000,0x00000000d96f8020,0x00000000d9700000)
  to   space 5120K, 0% used [0x00000000d8d00000,0x00000000d8d00000,0x00000000d9200000)
 ParOldGen       total 84992K, used 5260K [0x0000000084a00000, 0x0000000089d00000, 0x00000000d6e00000)
  object space 84992K, 6% used [0x0000000084a00000,0x0000000084f23388,0x0000000089d00000)
 Metaspace       used 12723K, capacity 12972K, committed 13184K, reserved 1060864K
  class space    used 1535K, capacity 1612K, committed 1664K, reserved 1048576K
}
Event: 3.210 GC heap before
{Heap before GC invocations=5 (full 0):
 PSYoungGen      total 36864K, used 36832K [0x00000000d6e00000, 0x00000000d9700000, 0x0000000100000000)
  eden space 31744K, 100% used [0x00000000d6e00000,0x00000000d8d00000,0x00000000d8d00000)
  from space 5120K, 99% used [0x00000000d9200000,0x00000000d96f8020,0x00000000d9700000)
  to   space 5120K, 0% used [0x00000000d8d00000,0x00000000d8d00000,0x00000000d9200000)
 ParOldGen       total 84992K, used 5260K [0x0000000084a00000, 0x0000000089d00000, 0x00000000d6e00000)
  object space 84992K, 6% used [0x0000000084a00000,0x0000000084f23388,0x0000000089d00000)
 Metaspace       used 12824K, capacity 13042K, committed 13184K, reserved 1060864K
  class space    used 1537K, capacity 1613K, committed 1664K, reserved 1048576K
Event: 3.223 GC heap after
Heap after GC invocations=5 (full 0):
 PSYoungGen      total 36864K, used 5104K [0x00000000d6e00000, 0x00000000d9700000, 0x0000000100000000)
  eden space 31744K, 0% used [0x00000000d6e00000,0x00000000d6e00000,0x00000000d8d00000)
  from space 5120K, 99% used [0x00000000d8d00000,0x00000000d91fc030,0x00000000d9200000)
  to   space 5120K, 0% used [0x00000000d9200000,0x00000000d9200000,0x00000000d9700000)
 ParOldGen       total 84992K, used 6924K [0x0000000084a00000, 0x0000000089d00000, 0x00000000d6e00000)
  object space 84992K, 8% used [0x0000000084a00000,0x00000000850c33b8,0x0000000089d00000)
 Metaspace       used 12824K, capacity 13042K, committed 13184K, reserved 1060864K
  class space    used 1537K, capacity 1613K, committed 1664K, reserved 1048576K
}

Deoptimization events (10 events):
Event: 3.262 Thread 0x0000000002fb2800 Uncommon trap: reason=speculate_class_check action=maybe_recompile pc=0x00000000036984c8 method=java.nio.charset.CharsetDecoder.decode(Ljava/nio/ByteBuffer;Ljava/nio/CharBuffer;Z)Ljava/nio/charset/CoderResult; @ 57
Event: 3.263 Thread 0x0000000002fb2800 Uncommon trap: reason=speculate_class_check action=maybe_recompile pc=0x00000000036984c8 method=java.nio.charset.CharsetDecoder.decode(Ljava/nio/ByteBuffer;Ljava/nio/CharBuffer;Z)Ljava/nio/charset/CoderResult; @ 57
Event: 3.263 Thread 0x0000000002fb2800 Uncommon trap: reason=speculate_class_check action=maybe_recompile pc=0x00000000036984c8 method=java.nio.charset.CharsetDecoder.decode(Ljava/nio/ByteBuffer;Ljava/nio/CharBuffer;Z)Ljava/nio/charset/CoderResult; @ 57
Event: 3.264 Thread 0x0000000002fb2800 Uncommon trap: reason=speculate_class_check action=maybe_recompile pc=0x00000000036bd088 method=java.nio.charset.CharsetDecoder.decode(Ljava/nio/ByteBuffer;Ljava/nio/CharBuffer;Z)Ljava/nio/charset/CoderResult; @ 57
Event: 3.265 Thread 0x0000000002fb2800 Uncommon trap: reason=speculate_class_check action=maybe_recompile pc=0x00000000036bd088 method=java.nio.charset.CharsetDecoder.decode(Ljava/nio/ByteBuffer;Ljava/nio/CharBuffer;Z)Ljava/nio/charset/CoderResult; @ 57
Event: 3.265 Thread 0x0000000002fb2800 Uncommon trap: reason=unstable_if action=reinterpret pc=0x00000000037356bc method=org.apache.maven.model.io.xpp3.MavenXpp3Reader.nextTag(Lorg/codehaus/plexus/util/xml/pull/XmlPullParser;)I @ 9
Event: 3.266 Thread 0x0000000002fb2800 Uncommon trap: reason=speculate_class_check action=maybe_recompile pc=0x00000000035be4d8 method=java.nio.charset.CharsetDecoder.decode(Ljava/nio/ByteBuffer;Ljava/nio/CharBuffer;Z)Ljava/nio/charset/CoderResult; @ 57
Event: 3.287 Thread 0x0000000002fb2800 Uncommon trap: reason=speculate_class_check action=maybe_recompile pc=0x00000000035be4d8 method=java.nio.charset.CharsetDecoder.decode(Ljava/nio/ByteBuffer;Ljava/nio/CharBuffer;Z)Ljava/nio/charset/CoderResult; @ 57
Event: 3.418 Thread 0x0000000002fb2800 Uncommon trap: reason=intrinsic action=make_not_entrant pc=0x00000000037018b4 method=org.apache.maven.model.Dependency.getManagementKey()Ljava/lang/String; @ 0
Event: 3.418 Thread 0x0000000002fb2800 Uncommon trap: reason=intrinsic action=make_not_entrant pc=0x00000000036ce284 method=org.apache.maven.model.Dependency.getManagementKey()Ljava/lang/String; @ 0

Classes redefined (0 events):
No events

Internal exceptions (10 events):
Event: 0.640 Thread 0x0000000002fb2800 Exception <a 'java/lang/ArrayIndexOutOfBoundsException'> (0x00000000d7aaa360) thrown at [C:\re\workspace\8-2-build-windows-amd64-cygwin\jdk8u161\10277\hotspot\src\share\vm\runtime\sharedRuntime.cpp, line 605]
Event: 0.652 Thread 0x0000000002fb2800 Exception <a 'java/lang/ArrayIndexOutOfBoundsException'> (0x00000000d7b0b688) thrown at [C:\re\workspace\8-2-build-windows-amd64-cygwin\jdk8u161\10277\hotspot\src\share\vm\runtime\sharedRuntime.cpp, line 605]
Event: 0.885 Thread 0x0000000002fb2800 Exception <a 'java/lang/ArrayIndexOutOfBoundsException'> (0x00000000d89aeb00) thrown at [C:\re\workspace\8-2-build-windows-amd64-cygwin\jdk8u161\10277\hotspot\src\share\vm\runtime\sharedRuntime.cpp, line 605]
Event: 0.885 Thread 0x0000000002fb2800 Exception <a 'java/lang/ArrayIndexOutOfBoundsException'> (0x00000000d89b0e48) thrown at [C:\re\workspace\8-2-build-windows-amd64-cygwin\jdk8u161\10277\hotspot\src\share\vm\runtime\sharedRuntime.cpp, line 605]
Event: 1.022 Thread 0x0000000002fb2800 Exception <a 'java/lang/NoClassDefFoundError': org/slf4j/Logger> (0x00000000d6ff5bf8) thrown at [C:\re\workspace\8-2-build-windows-amd64-cygwin\jdk8u161\10277\hotspot\src\share\vm\classfile\systemDictionary.cpp, line 199]
Event: 1.108 Thread 0x0000000002fb2800 Exception <a 'java/lang/NoClassDefFoundError': org/slf4j/LoggerFactory> (0x00000000d72c1d00) thrown at [C:\re\workspace\8-2-build-windows-amd64-cygwin\jdk8u161\10277\hotspot\src\share\vm\classfile\systemDictionary.cpp, line 199]
Event: 1.108 Thread 0x0000000002fb2800 Exception <a 'java/lang/NoClassDefFoundError'> (0x00000000d72c1d00) thrown at [C:\re\workspace\8-2-build-windows-amd64-cygwin\jdk8u161\10277\hotspot\src\share\vm\oops\instanceKlass.cpp, line 959]
Event: 2.275 Thread 0x0000000002fb2800 Implicit null exception at 0x000000000345ae15 to 0x000000000345b011
Event: 2.275 Thread 0x0000000002fb2800 Implicit null exception at 0x00000000033d8baf to 0x00000000033d8c19
Event: 2.376 Thread 0x0000000002fb2800 Implicit null exception at 0x000000000368d0a4 to 0x000000000368d32d

Events (10 events):
Event: 3.334 Thread 0x0000000002fb2800 DEOPT PACKING pc=0x0000000003646ccc sp=0x0000000002fad060
Event: 3.334 Thread 0x0000000002fb2800 DEOPT UNPACKING pc=0x00000000030f7890 sp=0x0000000002face08 mode 0
Event: 3.392 Thread 0x0000000002fb2800 DEOPT PACKING pc=0x0000000003646ccc sp=0x0000000002fad1a0
Event: 3.392 Thread 0x0000000002fb2800 DEOPT UNPACKING pc=0x00000000030f7890 sp=0x0000000002facf48 mode 0
Event: 3.417 Thread 0x0000000002fb2800 Uncommon trap: trap_request=0xffffffcc fr.pc=0x00000000037018b4
Event: 3.418 Thread 0x0000000002fb2800 DEOPT PACKING pc=0x00000000037018b4 sp=0x0000000002fad320
Event: 3.418 Thread 0x0000000002fb2800 DEOPT UNPACKING pc=0x00000000030f583b sp=0x0000000002fad2a8 mode 2
Event: 3.418 Thread 0x0000000002fb2800 Uncommon trap: trap_request=0xffffffcc fr.pc=0x00000000036ce284
Event: 3.418 Thread 0x0000000002fb2800 DEOPT PACKING pc=0x00000000036ce284 sp=0x0000000002fad2c0
Event: 3.418 Thread 0x0000000002fb2800 DEOPT UNPACKING pc=0x00000000030f583b sp=0x0000000002fad2a0 mode 2


Dynamic libraries:
0x00007ff6c6970000 - 0x00007ff6c69a7000 	C:\Program Files\Java\jdk1.8.0_161\bin\java.exe
0x00007ff87edd0000 - 0x00007ff87efb1000 	C:\WINDOWS\SYSTEM32\ntdll.dll
0x00007ff87d970000 - 0x00007ff87da22000 	C:\WINDOWS\System32\KERNEL32.DLL
0x00007ff87be40000 - 0x00007ff87c0b3000 	C:\WINDOWS\System32\KERNELBASE.dll
0x00007ff87da90000 - 0x00007ff87db31000 	C:\WINDOWS\System32\ADVAPI32.dll
0x00007ff87dc30000 - 0x00007ff87dcce000 	C:\WINDOWS\System32\msvcrt.dll
0x00007ff87dda0000 - 0x00007ff87ddfb000 	C:\WINDOWS\System32\sechost.dll
0x00007ff87c260000 - 0x00007ff87c384000 	C:\WINDOWS\System32\RPCRT4.dll
0x00007ff87de90000 - 0x00007ff87e020000 	C:\WINDOWS\System32\USER32.dll
0x00007ff87be20000 - 0x00007ff87be40000 	C:\WINDOWS\System32\win32u.dll
0x00007ff87de00000 - 0x00007ff87de28000 	C:\WINDOWS\System32\GDI32.dll
0x00007ff87bc80000 - 0x00007ff87be12000 	C:\WINDOWS\System32\gdi32full.dll
0x00007ff87c1c0000 - 0x00007ff87c25f000 	C:\WINDOWS\System32\msvcp_win.dll
0x00007ff87c0c0000 - 0x00007ff87c1ba000 	C:\WINDOWS\System32\ucrtbase.dll
0x00007ff871400000 - 0x00007ff871669000 	C:\WINDOWS\WinSxS\amd64_microsoft.windows.common-controls_6595b64144ccf1df_6.0.17134.286_none_fb43982d306480cc\COMCTL32.dll
0x00007ff87e810000 - 0x00007ff87eb33000 	C:\WINDOWS\System32\combase.dll
0x00007ff87b1f0000 - 0x00007ff87b26a000 	C:\WINDOWS\System32\bcryptPrimitives.dll
0x00007ff87ecf0000 - 0x00007ff87ed1d000 	C:\WINDOWS\System32\IMM32.DLL
0x00007ff864120000 - 0x00007ff8641ad000 	C:\Program Files\Emsisoft Anti-Malware\a2hooks64.dll
0x00007ff87c530000 - 0x00007ff87d970000 	C:\WINDOWS\System32\SHELL32.dll
0x00007ff87b1a0000 - 0x00007ff87b1e9000 	C:\WINDOWS\System32\cfgmgr32.dll
0x00007ff87ec40000 - 0x00007ff87ece9000 	C:\WINDOWS\System32\shcore.dll
0x00007ff87b320000 - 0x00007ff87ba2d000 	C:\WINDOWS\System32\windows.storage.dll
0x00007ff87da30000 - 0x00007ff87da81000 	C:\WINDOWS\System32\shlwapi.dll
0x00007ff87b0e0000 - 0x00007ff87b0f1000 	C:\WINDOWS\System32\kernel.appcore.dll
0x00007ff87b130000 - 0x00007ff87b14f000 	C:\WINDOWS\System32\profapi.dll
0x00007ff87b150000 - 0x00007ff87b19c000 	C:\WINDOWS\System32\powrprof.dll
0x00007ff87b100000 - 0x00007ff87b10a000 	C:\WINDOWS\System32\FLTLIB.DLL
0x00007ff87a1d0000 - 0x00007ff87a201000 	C:\WINDOWS\SYSTEM32\ntmarta.dll
0x000000005ee50000 - 0x000000005ef22000 	C:\Program Files\Java\jdk1.8.0_161\jre\bin\msvcr100.dll
0x000000005ef30000 - 0x000000005f7cf000 	C:\Program Files\Java\jdk1.8.0_161\jre\bin\server\jvm.dll
0x00007ff87e6a0000 - 0x00007ff87e6a8000 	C:\WINDOWS\System32\PSAPI.DLL
0x00007ff875d30000 - 0x00007ff875d39000 	C:\WINDOWS\SYSTEM32\WSOCK32.dll
0x00007ff87e1d0000 - 0x00007ff87e23c000 	C:\WINDOWS\System32\WS2_32.dll
0x00007ff8707b0000 - 0x00007ff8707d3000 	C:\WINDOWS\SYSTEM32\WINMM.dll
0x00007ff876060000 - 0x00007ff87606a000 	C:\WINDOWS\SYSTEM32\VERSION.dll
0x00007ff870780000 - 0x00007ff8707aa000 	C:\WINDOWS\SYSTEM32\WINMMBASE.dll
0x000000005f890000 - 0x000000005f89f000 	C:\Program Files\Java\jdk1.8.0_161\jre\bin\verify.dll
0x000000005ede0000 - 0x000000005ee09000 	C:\Program Files\Java\jdk1.8.0_161\jre\bin\java.dll
0x000000005f870000 - 0x000000005f886000 	C:\Program Files\Java\jdk1.8.0_161\jre\bin\zip.dll
0x000000005edc0000 - 0x000000005edda000 	C:\Program Files\Java\jdk1.8.0_161\jre\bin\net.dll
0x00007ff87a960000 - 0x00007ff87a9c6000 	C:\WINDOWS\system32\mswsock.dll
0x000000005eda0000 - 0x000000005edb1000 	C:\Program Files\Java\jdk1.8.0_161\jre\bin\nio.dll

VM Arguments:
jvm_args: -Dclassworlds.conf=C:\Program Files\NetBeans 8.2\java\maven\bin\m2.conf -Dmaven.home=C:\Program Files\NetBeans 8.2\java\maven 
java_command: org.codehaus.plexus.classworlds.launcher.Launcher -Dmaven.ext.class.path=C:\Program Files\NetBeans 8.2\java\maven-nblib\netbeans-eventspy.jar -Dfile.encoding=UTF-8 clean install
java_class_path (initial): C:\Program Files\NetBeans 8.2\java\maven\boot\plexus-classworlds-2.4.jar
Launcher Type: SUN_STANDARD

Environment Variables:
JAVA_HOME=C:\Program Files\Java\jdk1.8.0_161
PATH=C:\ProgramData\Oracle\Java\javapath;C:\WINDOWS\system32;C:\WINDOWS;C:\WINDOWS\System32\Wbem;C:\WINDOWS\System32\WindowsPowerShell\v1.0\;C:\Program Files\Java\jdk1.8.0_161\bin;C:\Program Files\MySQL\MySQL Utilities 1.6\;C:\Program Files\Git\cmd;C:\Program Files\nodejs\;C:\WINDOWS\System32\OpenSSH\;C:\Program Files (x86)\PuTTY\;C:\Users\kasun\AppData\Local\GitHubDesktop\bin;C:\Users\kasun\AppData\Roaming\npm;C:\Users\kasun\AppData\Local\Microsoft\WindowsApps;C:\Program Files\Heroku\bin;
USERNAME=kasun
OS=Windows_NT
PROCESSOR_IDENTIFIER=Intel64 Family 6 Model 58 Stepping 9, GenuineIntel



---------------  S Y S T E M  ---------------

OS: Windows 10.0 , 64 bit Build 17134 (10.0.17134.1)

CPU:total 4 (initial active 4) (2 cores per cpu, 2 threads per core) family 6 model 58 stepping 9, cmov, cx8, fxsr, mmx, sse, sse2, sse3, ssse3, sse4.1, sse4.2, popcnt, avx, aes, clmul, erms, ht, tsc, tscinvbit, tscinv

Memory: 4k page, physical 8078996k(2502224k free), swap 33244820k(5176k free)

vm_info: Java HotSpot(TM) 64-Bit Server VM (25.161-b12) for windows-amd64 JRE (1.8.0_161-b12), built on Dec 19 2017 17:52:25 by "java_re" with MS VC++ 10.0 (VS2010)

time: Thu Sep 27 11:30:39 2018
elapsed time: 3 seconds (0d 0h 0m 3s)

