#
# There is insufficient memory for the Java Runtime Environment to continue.
# Native memory allocation (malloc) failed to allocate 32784 bytes for Chunk::new
# Possible reasons:
#   The system is out of physical RAM or swap space
#   In 32 bit mode, the process size limit was hit
# Possible solutions:
#   Reduce memory load on the system
#   Increase physical memory or swap space
#   Check if swap backing store is full
#   Use 64 bit Java on a 64 bit OS
#   Decrease Java heap size (-Xmx/-Xms)
#   Decrease number of Java threads
#   Decrease Java thread stack sizes (-Xss)
#   Set larger code cache with -XX:ReservedCodeCacheSize=
# This output file may be truncated or incomplete.
#
#  Out of Memory Error (allocation.cpp:390), pid=14952, tid=0x0000000000004620
#
# JRE version: Java(TM) SE Runtime Environment (8.0_161-b12) (build 1.8.0_161-b12)
# Java VM: Java HotSpot(TM) 64-Bit Server VM (25.161-b12 mixed mode windows-amd64 compressed oops)
# Failed to write core dump. Minidumps are not enabled by default on client versions of Windows
#

---------------  T H R E A D  ---------------

Current thread (0x00000000175ce800):  JavaThread "C2 CompilerThread0" daemon [_thread_in_native, id=17952, stack(0x0000000018c10000,0x0000000018d10000)]

Stack: [0x0000000018c10000,0x0000000018d10000]
[error occurred during error reporting (printing stack bounds), id 0xc0000005]

Native frames: (J=compiled Java code, j=interpreted, Vv=VM code, C=native code)


Current CompileTask:
C2:   2827 1813       4       java.util.regex.Pattern::closure (477 bytes)


---------------  P R O C E S S  ---------------

Java Threads: ( => current thread )
  0x000000001762d800 JavaThread "Service Thread" daemon [_thread_blocked, id=15852, stack(0x0000000019310000,0x0000000019410000)]
  0x00000000175db800 JavaThread "C1 CompilerThread2" daemon [_thread_in_vm, id=5096, stack(0x0000000018e10000,0x0000000018f10000)]
  0x00000000175d3000 JavaThread "C2 CompilerThread1" daemon [_thread_in_native, id=10184, stack(0x0000000018d10000,0x0000000018e10000)]
=>0x00000000175ce800 JavaThread "C2 CompilerThread0" daemon [_thread_in_native, id=17952, stack(0x0000000018c10000,0x0000000018d10000)]
  0x00000000175cc800 JavaThread "Attach Listener" daemon [_thread_blocked, id=18936, stack(0x0000000018b10000,0x0000000018c10000)]
  0x00000000175cb000 JavaThread "Signal Dispatcher" daemon [_thread_blocked, id=13908, stack(0x0000000018a10000,0x0000000018b10000)]
  0x00000000175ba800 JavaThread "Finalizer" daemon [_thread_blocked, id=9864, stack(0x0000000018820000,0x0000000018920000)]
  0x0000000017599000 JavaThread "Reference Handler" daemon [_thread_blocked, id=10668, stack(0x0000000018720000,0x0000000018820000)]
  0x0000000002b62800 JavaThread "main" [_thread_in_native, id=17684, stack(0x00000000029c0000,0x0000000002ac0000)]

Other Threads:
  0x0000000017597800 VMThread [stack: 0x0000000018620000,0x0000000018720000] [id=14848]
  0x000000001762e800 WatcherThread [stack: 0x0000000019410000,0x0000000019510000] [id=14148]

VM state:not at safepoint (normal execution)

VM Mutex/Monitor currently owned by a thread: None

Heap:
 PSYoungGen      total 36864K, used 29840K [0x00000000d6e00000, 0x00000000d9700000, 0x0000000100000000)
  eden space 31744K, 77% used [0x00000000d6e00000,0x00000000d862c010,0x00000000d8d00000)
  from space 5120K, 99% used [0x00000000d8d00000,0x00000000d91f8020,0x00000000d9200000)
  to   space 5120K, 0% used [0x00000000d9200000,0x00000000d9200000,0x00000000d9700000)
 ParOldGen       total 84992K, used 3323K [0x0000000084a00000, 0x0000000089d00000, 0x00000000d6e00000)
  object space 84992K, 3% used [0x0000000084a00000,0x0000000084d3edf8,0x0000000089d00000)
 Metaspace       used 12686K, capacity 12902K, committed 13184K, reserved 1060864K
  class space    used 1535K, capacity 1611K, committed 1664K, reserved 1048576K

Card table byte_map: [0x0000000012020000,0x0000000012400000] byte_map_base: 0x0000000011bfb000

Marking Bits: (ParMarkBitMap*) 0x000000005f74f860
 Begin Bits: [0x0000000012aa0000, 0x0000000014978000)
 End Bits:   [0x0000000014978000, 0x0000000016850000)

Polling page: 0x0000000000dc0000

CodeCache: size=245760Kb used=6739Kb max_used=6739Kb free=239020Kb
 bounds [0x0000000002c60000, 0x0000000003300000, 0x0000000011c60000]
 total_blobs=2189 nmethods=1865 adapters=236
 compilation: enabled

Compilation events (10 events):
Event: 2.817 Thread 0x00000000175db800 nmethod 1862 0x00000000032ec050 code [0x00000000032ec8c0, 0x00000000032f24b8]
Event: 2.817 Thread 0x00000000175db800 1864       1       org.sonatype.aether.repository.RepositoryPolicy::isEnabled (5 bytes)
Event: 2.817 Thread 0x00000000175db800 nmethod 1864 0x00000000032dc610 code [0x00000000032dc760, 0x00000000032dc870]
Event: 2.818 Thread 0x00000000175db800 1865       1       org.sonatype.aether.impl.internal.GraphEdge::getDependency (5 bytes)
Event: 2.818 Thread 0x00000000175db800 nmethod 1865 0x00000000032dc350 code [0x00000000032dc4a0, 0x00000000032dc5b0]
Event: 2.818 Thread 0x00000000175db800 1863       1       org.apache.maven.model.RepositoryBase::getLayout (5 bytes)
Event: 2.818 Thread 0x00000000175db800 nmethod 1863 0x00000000032dc090 code [0x00000000032dc1e0, 0x00000000032dc2f0]
Event: 2.818 Thread 0x00000000175db800 1866       1       org.sonatype.aether.resolution.ArtifactResult::getRepository (5 bytes)
Event: 2.818 Thread 0x00000000175db800 nmethod 1866 0x00000000032dbdd0 code [0x00000000032dbf20, 0x00000000032dc030]
Event: 2.820 Thread 0x00000000175db800 1868 %     3       org.codehaus.plexus.util.xml.pull.MXParser::nextImpl @ 864 (1190 bytes)

GC Heap History (6 events):
Event: 0.936 GC heap before
{Heap before GC invocations=1 (full 0):
 PSYoungGen      total 36864K, used 31744K [0x00000000d6e00000, 0x00000000d9700000, 0x0000000100000000)
  eden space 31744K, 100% used [0x00000000d6e00000,0x00000000d8d00000,0x00000000d8d00000)
  from space 5120K, 0% used [0x00000000d9200000,0x00000000d9200000,0x00000000d9700000)
  to   space 5120K, 0% used [0x00000000d8d00000,0x00000000d8d00000,0x00000000d9200000)
 ParOldGen       total 84992K, used 0K [0x0000000084a00000, 0x0000000089d00000, 0x00000000d6e00000)
  object space 84992K, 0% used [0x0000000084a00000,0x0000000084a00000,0x0000000089d00000)
 Metaspace       used 7554K, capacity 7714K, committed 7936K, reserved 1056768K
  class space    used 949K, capacity 1017K, committed 1024K, reserved 1048576K
Event: 0.942 GC heap after
Heap after GC invocations=1 (full 0):
 PSYoungGen      total 36864K, used 4364K [0x00000000d6e00000, 0x00000000d9700000, 0x0000000100000000)
  eden space 31744K, 0% used [0x00000000d6e00000,0x00000000d6e00000,0x00000000d8d00000)
  from space 5120K, 85% used [0x00000000d8d00000,0x00000000d91433e8,0x00000000d9200000)
  to   space 5120K, 0% used [0x00000000d9200000,0x00000000d9200000,0x00000000d9700000)
 ParOldGen       total 84992K, used 8K [0x0000000084a00000, 0x0000000089d00000, 0x00000000d6e00000)
  object space 84992K, 0% used [0x0000000084a00000,0x0000000084a02000,0x0000000089d00000)
 Metaspace       used 7554K, capacity 7714K, committed 7936K, reserved 1056768K
  class space    used 949K, capacity 1017K, committed 1024K, reserved 1048576K
}
Event: 1.895 GC heap before
{Heap before GC invocations=2 (full 0):
 PSYoungGen      total 36864K, used 36108K [0x00000000d6e00000, 0x00000000d9700000, 0x0000000100000000)
  eden space 31744K, 100% used [0x00000000d6e00000,0x00000000d8d00000,0x00000000d8d00000)
  from space 5120K, 85% used [0x00000000d8d00000,0x00000000d91433e8,0x00000000d9200000)
  to   space 5120K, 0% used [0x00000000d9200000,0x00000000d9200000,0x00000000d9700000)
 ParOldGen       total 84992K, used 8K [0x0000000084a00000, 0x0000000089d00000, 0x00000000d6e00000)
  object space 84992K, 0% used [0x0000000084a00000,0x0000000084a02000,0x0000000089d00000)
 Metaspace       used 11950K, capacity 12168K, committed 12416K, reserved 1060864K
  class space    used 1476K, capacity 1537K, committed 1664K, reserved 1048576K
Event: 1.905 GC heap after
Heap after GC invocations=2 (full 0):
 PSYoungGen      total 36864K, used 5089K [0x00000000d6e00000, 0x00000000d9700000, 0x0000000100000000)
  eden space 31744K, 0% used [0x00000000d6e00000,0x00000000d6e00000,0x00000000d8d00000)
  from space 5120K, 99% used [0x00000000d9200000,0x00000000d96f8688,0x00000000d9700000)
  to   space 5120K, 0% used [0x00000000d8d00000,0x00000000d8d00000,0x00000000d9200000)
 ParOldGen       total 84992K, used 2113K [0x0000000084a00000, 0x0000000089d00000, 0x00000000d6e00000)
  object space 84992K, 2% used [0x0000000084a00000,0x0000000084c10578,0x0000000089d00000)
 Metaspace       used 11950K, capacity 12168K, committed 12416K, reserved 1060864K
  class space    used 1476K, capacity 1537K, committed 1664K, reserved 1048576K
}
Event: 2.535 GC heap before
{Heap before GC invocations=3 (full 0):
 PSYoungGen      total 36864K, used 36833K [0x00000000d6e00000, 0x00000000d9700000, 0x0000000100000000)
  eden space 31744K, 100% used [0x00000000d6e00000,0x00000000d8d00000,0x00000000d8d00000)
  from space 5120K, 99% used [0x00000000d9200000,0x00000000d96f8688,0x00000000d9700000)
  to   space 5120K, 0% used [0x00000000d8d00000,0x00000000d8d00000,0x00000000d9200000)
 ParOldGen       total 84992K, used 2113K [0x0000000084a00000, 0x0000000089d00000, 0x00000000d6e00000)
  object space 84992K, 2% used [0x0000000084a00000,0x0000000084c10578,0x0000000089d00000)
 Metaspace       used 12625K, capacity 12838K, committed 13184K, reserved 1060864K
  class space    used 1532K, capacity 1611K, committed 1664K, reserved 1048576K
Event: 2.544 GC heap after
Heap after GC invocations=3 (full 0):
 PSYoungGen      total 36864K, used 5088K [0x00000000d6e00000, 0x00000000d9700000, 0x0000000100000000)
  eden space 31744K, 0% used [0x00000000d6e00000,0x00000000d6e00000,0x00000000d8d00000)
  from space 5120K, 99% used [0x00000000d8d00000,0x00000000d91f8020,0x00000000d9200000)
  to   space 5120K, 0% used [0x00000000d9200000,0x00000000d9200000,0x00000000d9700000)
 ParOldGen       total 84992K, used 3323K [0x0000000084a00000, 0x0000000089d00000, 0x00000000d6e00000)
  object space 84992K, 3% used [0x0000000084a00000,0x0000000084d3edf8,0x0000000089d00000)
 Metaspace       used 12625K, capacity 12838K, committed 13184K, reserved 1060864K
  class space    used 1532K, capacity 1611K, committed 1664K, reserved 1048576K
}

Deoptimization events (10 events):
Event: 2.203 Thread 0x0000000002b62800 Uncommon trap: reason=unstable_if action=reinterpret pc=0x000000000319dee8 method=java.util.regex.Pattern.compile()V @ 249
Event: 2.206 Thread 0x0000000002b62800 Uncommon trap: reason=unstable_if action=reinterpret pc=0x0000000002f52704 method=sun.nio.cs.UTF_8$Decoder.decode([BII[C)I @ 30
Event: 2.207 Thread 0x0000000002b62800 Uncommon trap: reason=unstable_if action=reinterpret pc=0x0000000002ef5814 method=sun.nio.cs.UTF_8$Decoder.decodeArrayLoop(Ljava/nio/ByteBuffer;Ljava/nio/CharBuffer;)Ljava/nio/charset/CoderResult; @ 84
Event: 2.231 Thread 0x0000000002b62800 Uncommon trap: reason=unstable_if action=reinterpret pc=0x0000000003008a60 method=java.util.HashMap.hash(Ljava/lang/Object;)I @ 1
Event: 2.231 Thread 0x0000000002b62800 Uncommon trap: reason=unstable_if action=reinterpret pc=0x0000000002fde628 method=java.util.HashMap.hash(Ljava/lang/Object;)I @ 1
Event: 2.363 Thread 0x0000000002b62800 Uncommon trap: reason=unstable_if action=reinterpret pc=0x00000000031a7934 method=java.lang.String.trim()Ljava/lang/String; @ 63
Event: 2.424 Thread 0x0000000002b62800 Uncommon trap: reason=null_check action=make_not_entrant pc=0x000000000325c408 method=org.apache.maven.model.io.xpp3.MavenXpp3Reader.checkFieldWithDuplicate(Lorg/codehaus/plexus/util/xml/pull/XmlPullParser;Ljava/lang/String;Ljava/lang/String;Ljava/util/Se
Event: 2.750 Thread 0x0000000002b62800 Uncommon trap: reason=unstable_if action=reinterpret pc=0x00000000032b76bc method=java.util.regex.Pattern.has(I)Z @ 6
Event: 2.750 Thread 0x0000000002b62800 Uncommon trap: reason=unstable_if action=reinterpret pc=0x00000000032acb94 method=java.util.regex.Pattern.clazz(Z)Ljava/util/regex/Pattern$CharProperty; @ 347
Event: 2.820 Thread 0x0000000002b62800 Uncommon trap: reason=unstable_if action=reinterpret pc=0x000000000320d778 method=org.codehaus.plexus.util.xml.pull.MXParser.nextImpl()I @ 280

Classes redefined (0 events):
No events

Internal exceptions (10 events):
Event: 0.600 Thread 0x0000000002b62800 Exception <a 'java/lang/ArrayIndexOutOfBoundsException'> (0x00000000d7aae3d0) thrown at [C:\re\workspace\8-2-build-windows-amd64-cygwin\jdk8u161\10277\hotspot\src\share\vm\runtime\sharedRuntime.cpp, line 605]
Event: 0.613 Thread 0x0000000002b62800 Exception <a 'java/lang/ArrayIndexOutOfBoundsException'> (0x00000000d7b0f6d0) thrown at [C:\re\workspace\8-2-build-windows-amd64-cygwin\jdk8u161\10277\hotspot\src\share\vm\runtime\sharedRuntime.cpp, line 605]
Event: 0.846 Thread 0x0000000002b62800 Exception <a 'java/lang/ArrayIndexOutOfBoundsException'> (0x00000000d89b3438) thrown at [C:\re\workspace\8-2-build-windows-amd64-cygwin\jdk8u161\10277\hotspot\src\share\vm\runtime\sharedRuntime.cpp, line 605]
Event: 0.846 Thread 0x0000000002b62800 Exception <a 'java/lang/ArrayIndexOutOfBoundsException'> (0x00000000d89b5780) thrown at [C:\re\workspace\8-2-build-windows-amd64-cygwin\jdk8u161\10277\hotspot\src\share\vm\runtime\sharedRuntime.cpp, line 605]
Event: 0.982 Thread 0x0000000002b62800 Exception <a 'java/lang/NoClassDefFoundError': org/slf4j/Logger> (0x00000000d6ffaac0) thrown at [C:\re\workspace\8-2-build-windows-amd64-cygwin\jdk8u161\10277\hotspot\src\share\vm\classfile\systemDictionary.cpp, line 199]
Event: 1.056 Thread 0x0000000002b62800 Exception <a 'java/lang/NoClassDefFoundError': org/slf4j/LoggerFactory> (0x00000000d72c6960) thrown at [C:\re\workspace\8-2-build-windows-amd64-cygwin\jdk8u161\10277\hotspot\src\share\vm\classfile\systemDictionary.cpp, line 199]
Event: 1.056 Thread 0x0000000002b62800 Exception <a 'java/lang/NoClassDefFoundError'> (0x00000000d72c6960) thrown at [C:\re\workspace\8-2-build-windows-amd64-cygwin\jdk8u161\10277\hotspot\src\share\vm\oops\instanceKlass.cpp, line 959]
Event: 2.231 Thread 0x0000000002b62800 Implicit null exception at 0x0000000003008855 to 0x0000000003008a51
Event: 2.231 Thread 0x0000000002b62800 Implicit null exception at 0x0000000002fde5af to 0x0000000002fde619
Event: 2.424 Thread 0x0000000002b62800 Implicit null exception at 0x000000000325c164 to 0x000000000325c3ed

Events (10 events):
Event: 2.750 Thread 0x0000000002b62800 DEOPT PACKING pc=0x00000000032b76bc sp=0x0000000002abd360
Event: 2.750 Thread 0x0000000002b62800 DEOPT UNPACKING pc=0x0000000002ca583b sp=0x0000000002abd2b8 mode 2
Event: 2.750 Thread 0x0000000002b62800 Uncommon trap: trap_request=0xffffff65 fr.pc=0x00000000032acb94
Event: 2.750 Thread 0x0000000002b62800 DEOPT PACKING pc=0x00000000032acb94 sp=0x0000000002abd020
Event: 2.750 Thread 0x0000000002b62800 DEOPT UNPACKING pc=0x0000000002ca583b sp=0x0000000002abcfc0 mode 2
Event: 2.804 loading class org/sonatype/aether/impl/internal/DataPool$NodeKey
Event: 2.804 loading class org/sonatype/aether/impl/internal/DataPool$NodeKey done
Event: 2.820 Thread 0x0000000002b62800 Uncommon trap: trap_request=0xffffff65 fr.pc=0x000000000320d778
Event: 2.820 Thread 0x0000000002b62800 DEOPT PACKING pc=0x000000000320d778 sp=0x0000000002abd090
Event: 2.820 Thread 0x0000000002b62800 DEOPT UNPACKING pc=0x0000000002ca583b sp=0x0000000002abd000 mode 2


Dynamic libraries:
0x00007ff6c6970000 - 0x00007ff6c69a7000 	C:\Program Files\Java\jdk1.8.0_161\bin\java.exe
0x00007ff87edd0000 - 0x00007ff87efb1000 	C:\WINDOWS\SYSTEM32\ntdll.dll
0x00007ff87d970000 - 0x00007ff87da22000 	C:\WINDOWS\System32\KERNEL32.DLL
0x00007ff87be40000 - 0x00007ff87c0b3000 	C:\WINDOWS\System32\KERNELBASE.dll
0x00007ff87da90000 - 0x00007ff87db31000 	C:\WINDOWS\System32\ADVAPI32.dll
0x00007ff87dc30000 - 0x00007ff87dcce000 	C:\WINDOWS\System32\msvcrt.dll
0x00007ff87dda0000 - 0x00007ff87ddfb000 	C:\WINDOWS\System32\sechost.dll
0x00007ff87c260000 - 0x00007ff87c384000 	C:\WINDOWS\System32\RPCRT4.dll
0x00007ff87de90000 - 0x00007ff87e020000 	C:\WINDOWS\System32\USER32.dll
0x00007ff87be20000 - 0x00007ff87be40000 	C:\WINDOWS\System32\win32u.dll
0x00007ff87de00000 - 0x00007ff87de28000 	C:\WINDOWS\System32\GDI32.dll
0x00007ff87bc80000 - 0x00007ff87be12000 	C:\WINDOWS\System32\gdi32full.dll
0x00007ff87c1c0000 - 0x00007ff87c25f000 	C:\WINDOWS\System32\msvcp_win.dll
0x00007ff87c0c0000 - 0x00007ff87c1ba000 	C:\WINDOWS\System32\ucrtbase.dll
0x00007ff871400000 - 0x00007ff871669000 	C:\WINDOWS\WinSxS\amd64_microsoft.windows.common-controls_6595b64144ccf1df_6.0.17134.286_none_fb43982d306480cc\COMCTL32.dll
0x00007ff87e810000 - 0x00007ff87eb33000 	C:\WINDOWS\System32\combase.dll
0x00007ff87b1f0000 - 0x00007ff87b26a000 	C:\WINDOWS\System32\bcryptPrimitives.dll
0x00007ff87ecf0000 - 0x00007ff87ed1d000 	C:\WINDOWS\System32\IMM32.DLL
0x00007ff864120000 - 0x00007ff8641ad000 	C:\Program Files\Emsisoft Anti-Malware\a2hooks64.dll
0x00007ff87c530000 - 0x00007ff87d970000 	C:\WINDOWS\System32\SHELL32.dll
0x00007ff87b1a0000 - 0x00007ff87b1e9000 	C:\WINDOWS\System32\cfgmgr32.dll
0x00007ff87ec40000 - 0x00007ff87ece9000 	C:\WINDOWS\System32\shcore.dll
0x00007ff87b320000 - 0x00007ff87ba2d000 	C:\WINDOWS\System32\windows.storage.dll
0x00007ff87da30000 - 0x00007ff87da81000 	C:\WINDOWS\System32\shlwapi.dll
0x00007ff87b0e0000 - 0x00007ff87b0f1000 	C:\WINDOWS\System32\kernel.appcore.dll
0x00007ff87b130000 - 0x00007ff87b14f000 	C:\WINDOWS\System32\profapi.dll
0x00007ff87b150000 - 0x00007ff87b19c000 	C:\WINDOWS\System32\powrprof.dll
0x00007ff87b100000 - 0x00007ff87b10a000 	C:\WINDOWS\System32\FLTLIB.DLL
0x00007ff87a1d0000 - 0x00007ff87a201000 	C:\WINDOWS\SYSTEM32\ntmarta.dll
0x000000005ee50000 - 0x000000005ef22000 	C:\Program Files\Java\jdk1.8.0_161\jre\bin\msvcr100.dll
0x000000005ef30000 - 0x000000005f7cf000 	C:\Program Files\Java\jdk1.8.0_161\jre\bin\server\jvm.dll
0x00007ff87e6a0000 - 0x00007ff87e6a8000 	C:\WINDOWS\System32\PSAPI.DLL
0x00007ff875d30000 - 0x00007ff875d39000 	C:\WINDOWS\SYSTEM32\WSOCK32.dll
0x00007ff87e1d0000 - 0x00007ff87e23c000 	C:\WINDOWS\System32\WS2_32.dll
0x00007ff8707b0000 - 0x00007ff8707d3000 	C:\WINDOWS\SYSTEM32\WINMM.dll
0x00007ff876060000 - 0x00007ff87606a000 	C:\WINDOWS\SYSTEM32\VERSION.dll
0x00007ff870780000 - 0x00007ff8707aa000 	C:\WINDOWS\SYSTEM32\WINMMBASE.dll
0x000000005f890000 - 0x000000005f89f000 	C:\Program Files\Java\jdk1.8.0_161\jre\bin\verify.dll
0x000000005ede0000 - 0x000000005ee09000 	C:\Program Files\Java\jdk1.8.0_161\jre\bin\java.dll
0x000000005f870000 - 0x000000005f886000 	C:\Program Files\Java\jdk1.8.0_161\jre\bin\zip.dll
0x000000005edc0000 - 0x000000005edda000 	C:\Program Files\Java\jdk1.8.0_161\jre\bin\net.dll
0x00007ff87a960000 - 0x00007ff87a9c6000 	C:\WINDOWS\system32\mswsock.dll
0x000000005eda0000 - 0x000000005edb1000 	C:\Program Files\Java\jdk1.8.0_161\jre\bin\nio.dll

VM Arguments:
jvm_args: -Dclassworlds.conf=C:\Program Files\NetBeans 8.2\java\maven\bin\m2.conf -Dmaven.home=C:\Program Files\NetBeans 8.2\java\maven 
java_command: org.codehaus.plexus.classworlds.launcher.Launcher -Dmaven.ext.class.path=C:\Program Files\NetBeans 8.2\java\maven-nblib\netbeans-eventspy.jar -Dfile.encoding=UTF-8 clean install
java_class_path (initial): C:\Program Files\NetBeans 8.2\java\maven\boot\plexus-classworlds-2.4.jar
Launcher Type: SUN_STANDARD

Environment Variables:
JAVA_HOME=C:\Program Files\Java\jdk1.8.0_161
PATH=C:\ProgramData\Oracle\Java\javapath;C:\WINDOWS\system32;C:\WINDOWS;C:\WINDOWS\System32\Wbem;C:\WINDOWS\System32\WindowsPowerShell\v1.0\;C:\Program Files\Java\jdk1.8.0_161\bin;C:\Program Files\MySQL\MySQL Utilities 1.6\;C:\Program Files\Git\cmd;C:\Program Files\nodejs\;C:\WINDOWS\System32\OpenSSH\;C:\Program Files (x86)\PuTTY\;C:\Users\kasun\AppData\Local\GitHubDesktop\bin;C:\Users\kasun\AppData\Roaming\npm;C:\Users\kasun\AppData\Local\Microsoft\WindowsApps;C:\Program Files\Heroku\bin;
USERNAME=kasun
OS=Windows_NT
PROCESSOR_IDENTIFIER=Intel64 Family 6 Model 58 Stepping 9, GenuineIntel



---------------  S Y S T E M  ---------------

OS: Windows 10.0 , 64 bit Build 17134 (10.0.17134.1)

CPU:total 4 (initial active 4) (2 cores per cpu, 2 threads per core) family 6 model 58 stepping 9, cmov, cx8, fxsr, mmx, sse, sse2, sse3, ssse3, sse4.1, sse4.2, popcnt, avx, aes, clmul, erms, ht, tsc, tscinvbit, tscinv

Memory: 4k page, physical 8078996k(2531824k free), swap 33244820k(5188k free)

vm_info: Java HotSpot(TM) 64-Bit Server VM (25.161-b12) for windows-amd64 JRE (1.8.0_161-b12), built on Dec 19 2017 17:52:25 by "java_re" with MS VC++ 10.0 (VS2010)

time: Thu Sep 27 11:29:57 2018
elapsed time: 2 seconds (0d 0h 0m 2s)

